엔진   : ORCA  (C:\ORCA_6.1.1\orca.exe)
병렬   : 4 프로세스, MPI 사용 가능 = True
수준   : ['b3lyp_631+gd']
용매   : ['none', 'ethanol']
상태 수: 22  (TDA=True, RIJCOSX=True)

=== dhhb: 컨포머 2 × 수준 1 × 용매 2 = 4 계산 ===
  [TD-DFT] dhhb_dhhb_c000_b3lyp_631+gd_none_dftopt
           B3LYP/6-31+G(d), 22상태, 용매=없음, 구조=DFT
           완료 1828초 | 최강 283.7 nm (f=0.610) | HOMO->LUMO+1 (75%); HOMO-4->LUMO (8%); HOMO-
           최단파장 216.3 nm (200 nm 미달)
  [TD-DFT] dhhb_dhhb_c000_b3lyp_631+gd_ethanol_dftopt
           B3LYP/6-31+G(d), 22상태, 용매=Ethanol, 구조=DFT
           완료 2785초 | 최강 296.3 nm (f=0.618) | HOMO->LUMO+1 (76%); HOMO-4->LUMO (12%); HOMO
           최단파장 214.7 nm (200 nm 미달)
  [TD-DFT] dhhb_dhhb_c131_b3lyp_631+gd_none_dftopt
           B3LYP/6-31+G(d), 22상태, 용매=없음, 구조=DFT
           완료 2544초 | 최강 284.3 nm (f=0.614) | HOMO->LUMO+1 (75%); HOMO-4->LUMO (10%); HOMO
           최단파장 215.6 nm (200 nm 미달)
  [TD-DFT] dhhb_dhhb_c131_b3lyp_631+gd_ethanol_dftopt
           B3LYP/6-31+G(d), 22상태, 용매=Ethanol, 구조=DFT
           완료 2813초 | 최강 295.7 nm (f=0.621) | HOMO->LUMO+1 (77%); HOMO-4->LUMO (12%); HOMO
           최단파장 214.5 nm (200 nm 미달)

=== 완료: 4/4 성공 ===
토토머      컨포머            수준                 용매       lambda_max       f       초
dhhb     dhhb_c000      b3lyp_631+gd       none          283.7   0.610    1828
dhhb     dhhb_c000      b3lyp_631+gd       ethanol       296.3   0.618    2785
dhhb     dhhb_c131      b3lyp_631+gd       none          284.3   0.614    2544
dhhb     dhhb_c131      b3lyp_631+gd       ethanol       295.7   0.621    2813
