엔진   : ORCA  (C:\ORCA_6.1.1\orca.exe)
병렬   : 4 프로세스, MPI 사용 가능 = True
수준   : ['b3lyp_631+gd', 'b3lyp_def2svpd', 'b3lyp_def2tzvp']
용매   : ['ethanol']
상태 수: 18  (TDA=True, RIJCOSX=True)

=== enolA: 컨포머 1 × 수준 3 × 용매 1 = 3 계산 ===
  [TD-DFT] enolA_enolA_c000_b3lyp_631+gd_ethanol
           B3LYP/6-31+G(d), 18상태, 용매=Ethanol, 구조=GFN2-xTB
           완료 769초 | 최강 340.6 nm (f=1.088) | HOMO->LUMO (94%); HOMO-4->LUMO (2%); HOMO-1-
           최단파장 205.7 nm (200 nm 미달)
  [TD-DFT] enolA_enolA_c000_b3lyp_def2svpd_ethanol
           B3LYP/def2-SVPD, 18상태, 용매=Ethanol, 구조=GFN2-xTB
           완료 1050초 | 최강 341.3 nm (f=1.091) | HOMO->LUMO (94%); HOMO-4->LUMO (2%); HOMO-3-
           최단파장 204.4 nm (200 nm 미달)
  [TD-DFT] enolA_enolA_c000_b3lyp_def2tzvp_ethanol
           B3LYP/def2-TZVP, 18상태, 용매=Ethanol, 구조=GFN2-xTB
           완료 2127초 | 최강 340.0 nm (f=1.076) | HOMO->LUMO (93%); HOMO-3->LUMO (2%); HOMO-4-
           최단파장 199.5 nm (200 nm 커버 OK)

=== 완료: 3/3 성공 ===
토토머      컨포머            수준                 용매       lambda_max       f       초
enolA    enolA_c000     b3lyp_631+gd       ethanol       340.6   1.088     769
enolA    enolA_c000     b3lyp_def2svpd     ethanol       341.3   1.091    1050
enolA    enolA_c000     b3lyp_def2tzvp     ethanol       340.0   1.076    2127
