
  Memory set to   5.588 GiB by Python driver.
  Threads set to 4 by Python driver.

Scratch directory: C:\Users\ysm04\Documents\etc\uv_vis\calculations\_scratch/
   => Libint2 <=

    Primary   basis highest AM E, G, H:  7, 6, -
    Auxiliary basis highest AM E, G, H:  7, 7, -
    Onebody   basis highest AM E, G, H:  -, -, -
    Solid Harmonics ordering:            Gaussian

*** tstart() called on DESKTOP-19Q153E
*** at Mon Jul 20 16:37:08 2026

   => Loading Basis Set <=

    Name: 6-31G(D)
    Role: ORBITAL
    Keyword: BASIS
    atoms 1-11, 13-14, 16-19, 21-23 entry C          line   111 file C:\Users\ysm04\Documents\etc\uv_vis\.mamba\envs\qc\Library\share\psi4\basis\6-31g_d_.gbs 
    atoms 12, 15, 20                entry O          line   145 file C:\Users\ysm04\Documents\etc\uv_vis\.mamba\envs\qc\Library\share\psi4\basis\6-31g_d_.gbs 
    atoms 24-45                     entry H          line    44 file C:\Users\ysm04\Documents\etc\uv_vis\.mamba\envs\qc\Library\share\psi4\basis\6-31g_d_.gbs 


         ---------------------------------------------------------
                                   SCF
               by Justin Turney, Rob Parrish, Andy Simmonett
                          and Daniel G. A. Smith
                              RKS Reference
                        4 Threads,   1626 MiB Core
         ---------------------------------------------------------

  ==> Geometry <==

    Molecular point group: c1
    Full point group: C1

    Geometry (in Angstrom), charge = 0, multiplicity = 1:

       Center              X                  Y                   Z               Mass       
    ------------   -----------------  -----------------  -----------------  -----------------
         C           -6.277318270000    -0.360474760000    -0.367111080000    12.000000000000
         C           -5.184244750000    -0.391911560000     0.705459590000    12.000000000000
         C           -5.584038030000     0.575826410000     1.829940160000    12.000000000000
         C           -5.096092250000    -1.823379760000     1.256638680000    12.000000000000
         C           -3.823413360000     0.018414040000     0.167563570000    12.000000000000
         C           -3.617649940000     0.426976030000    -1.146121030000    12.000000000000
         C           -2.363007550000     0.792150670000    -1.595141920000    12.000000000000
         C           -1.256765690000     0.750361110000    -0.748010120000    12.000000000000
         C           -1.457505610000     0.355116600000     0.575067790000    12.000000000000
         C           -2.715110480000     0.001931280000     1.015425550000    12.000000000000
         C            0.061982480000     1.123240360000    -1.267103920000    12.000000000000
         O            0.047227930000     1.897177640000    -2.345934450000    15.994914619570
         C            1.234065070000     0.685881240000    -0.708049280000    12.000000000000
         C            2.507594340000     1.028704980000    -1.271469180000    12.000000000000
         O            2.610310670000     1.732941780000    -2.299094480000    15.994914619570
         C            3.726346450000     0.491379980000    -0.630238020000    12.000000000000
         C            3.806852260000     0.189768480000     0.731164250000    12.000000000000
         C            4.975267470000    -0.297660380000     1.269585750000    12.000000000000
         C            6.099275780000    -0.512838100000     0.464546810000    12.000000000000
         O            7.190388880000    -1.011350270000     1.095730080000    15.994914619570
         C            8.373049080000    -1.234078280000     0.352912510000    12.000000000000
         C            6.029645510000    -0.205616370000    -0.892683680000    12.000000000000
         C            4.858432520000     0.300134870000    -1.419862050000    12.000000000000
         H           -7.221763030000    -0.675578860000     0.071416070000     1.007825032230
         H           -6.410544670000     0.643662330000    -0.762631950000     1.007825032230
         H           -6.042871560000    -1.039449330000    -1.183674340000     1.007825032230
         H           -4.868682410000     0.550786180000     2.647158420000     1.007825032230
         H           -6.561949530000     0.306381990000     2.222472300000     1.007825032230
         H           -5.632818180000     1.594320770000     1.449851870000     1.007825032230
         H           -4.381209500000    -1.893834840000     2.071333800000     1.007825032230
         H           -6.068299240000    -2.138242470000     1.628944140000     1.007825032230
         H           -4.787500420000    -2.510459790000     0.471245020000     1.007825032230
         H           -4.437892980000     0.467220770000    -1.843402310000     1.007825032230
         H           -2.224763490000     1.104223880000    -2.619410970000     1.007825032230
         H           -0.631699990000     0.346599790000     1.269011620000     1.007825032230
         H           -2.831718660000    -0.291135750000     2.047366660000     1.007825032230
         H            0.998508810000     2.047110090000    -2.617795640000     1.007825032230
         H            1.205789090000     0.019496460000     0.133210610000     1.007825032230
         H            2.963900050000     0.367226450000     1.380179650000     1.007825032230
         H            5.051984370000    -0.523131060000     2.321687370000     1.007825032230
         H            9.096768570000    -1.613793920000     1.071587240000     1.007825032230
         H            8.214314360000    -1.977126740000    -0.433620180000     1.007825032230
         H            8.746619890000    -0.305236360000    -0.086779130000     1.007825032230
         H            6.878012390000    -0.352233190000    -1.541581380000     1.007825032230
         H            4.800523610000     0.548792240000    -2.469784390000     1.007825032230

  Running in c1 symmetry.

  Rotational constants: A =      0.02171  B =      0.00260  C =      0.00239 [cm^-1]
  Rotational constants: A =    650.75016  B =     78.04954  C =     71.63093 [MHz]
  Nuclear repulsion = 1743.121938295973450

  Charge       = 0
  Multiplicity = 1
  Electrons    = 166
  Nalpha       = 83
  Nbeta        = 83

  ==> Algorithm <==

  SCF Algorithm Type is DF.
  DIIS enabled.
  MOM disabled.
  Fractional occupation disabled.
  Guess Type is SAD.
  Energy threshold   = 1.00e-08
  Density threshold  = 1.00e-08
  Integral threshold = 1.00e-12

  ==> Primary Basis <==

  Basis Set: 6-31G(D)
    Blend: 6-31G(D)
    Number of shells: 182
    Number of basis functions: 389
    Number of Cartesian functions: 389
    Spherical Harmonics?: false
    Max angular momentum: 2

  ==> DFT Potential <==

   => LibXC <=

    Version 7.0.0
    S. Lehtola, C. Steigemann, M. J.T. Oliveira, and M. A.L. Marques.,  SoftwareX 7, 1–5 (2018) (10.1016/j.softx.2017.11.002)

   => Composite Functional: B3LYP <= 

    B3LYP Hyb-GGA Exchange-Correlation Functional

    P. J. Stephens, F. J. Devlin, C. F. Chabalowski, and M. J. Frisch.,  J. Phys. Chem. 98, 11623 (1994) (10.1021/j100096a001)

    Deriv               =              1
    GGA                 =           TRUE
    Meta                =          FALSE

    Exchange Hybrid     =           TRUE
    MP2 Hybrid          =          FALSE

   => Exchange Functionals <=

    0.0800   Slater exchange
    0.7200         Becke 88

   => Exact (HF) Exchange <=

    0.2000               HF 

   => Correlation Functionals <=

    0.1900   Vosko, Wilk & Nusair (VWN5_RPA)
    0.8100   Lee, Yang & Parr

   => LibXC Density Thresholds  <==

    XC_HYB_GGA_XC_B3LYP:  1.00E-15 

   => Molecular Quadrature <=

    Radial Scheme          =       TREUTLER
    Pruning Scheme         =           NONE
    Nuclear Scheme         =       TREUTLER

    Blocking Scheme        =         OCTREE
    BS radius alpha        =              1
    Pruning alpha          =              1
    Radial Points          =             75
    Spherical Points       =            302
    Total Points           =         924677
    Total Blocks           =           6562
    Max Points             =            256
    Max Functions          =            264
    Weights Tolerance      =       1.00E-15

   => Loading Basis Set <=

    Name: (6-31G(D) AUX)
    Role: JKFIT
    Keyword: DF_BASIS_SCF
    atoms 1-11, 13-14, 16-19, 21-23 entry C          line   121 file C:\Users\ysm04\Documents\etc\uv_vis\.mamba\envs\qc\Library\share\psi4\basis\cc-pvdz-jkfit.gbs 
    atoms 12, 15, 20                entry O          line   221 file C:\Users\ysm04\Documents\etc\uv_vis\.mamba\envs\qc\Library\share\psi4\basis\cc-pvdz-jkfit.gbs 
    atoms 24-45                     entry H          line    51 file C:\Users\ysm04\Documents\etc\uv_vis\.mamba\envs\qc\Library\share\psi4\basis\cc-pvdz-jkfit.gbs 

  ==> Integral Setup <==

  DFHelper Memory: AOs need 1.665 GiB; user supplied 1.665 GiB. 
  SCF_SUBTYPE=INCORE selected. In-core MEM_DF algorithm will be used.
  Using in-core AOs.

  ==> MemDFJK: Density-Fitted J/K Matrices <==

    J tasked:                   Yes
    K tasked:                   Yes
    wK tasked:                   No
    OpenMP threads:               4
    Memory [MiB]:              1705
    Algorithm:                 Core
    Schwarz Cutoff:           1E-12
    Mask sparsity (%):      41.7959
    Fitting Condition:        1E-10

   => Auxiliary Basis Set <=

  Basis Set: (6-31G(D) AUX)
    Blend: CC-PVDZ-JKFIT
    Number of shells: 750
    Number of basis functions: 2413
    Number of Cartesian functions: 2413
    Spherical Harmonics?: false
    Max angular momentum: 3

  Cached 50.0% of DFT collocation blocks in 1.940 [GiB].

  Minimum eigenvalue in the overlap matrix is 3.6943021789E-04.
  Reciprocal condition number of the overlap matrix is 4.6355964277E-05.
    Using symmetric orthogonalization.

  ==> Pre-Iterations <==

  SCF Guess: Superposition of Atomic Densities via on-the-fly atomic UHF (no occupation information).

   -------------------------
    Irrep   Nso     Nmo    
   -------------------------
     A        389     389 
   -------------------------
    Total     389     389
   -------------------------

  ==> Iterations <==

                           Total Energy        Delta E     RMS |[F,P]|

   @DF-RKS iter SAD:  -999.93936842457185   -9.99939e+02   0.00000e+00 
   @DF-RKS iter   1:  -999.90364375075615    3.57247e-02   3.84442e-03 ADIIS/DIIS
   @DF-RKS iter   2:  -999.69009745820119    2.13546e-01   4.23085e-03 ADIIS/DIIS
   @DF-RKS iter   3: -1000.98773563871896   -1.29764e+00   9.52140e-04 ADIIS/DIIS
   @DF-RKS iter   4: -1001.04501858223466   -5.72829e-02   3.39011e-04 ADIIS/DIIS
   @DF-RKS iter   5: -1001.05245040911063   -7.43183e-03   9.56381e-05 DIIS
   @DF-RKS iter   6: -1001.05305286266878   -6.02454e-04   3.24666e-05 DIIS
   @DF-RKS iter   7: -1001.05311610990782   -6.32472e-05   1.24752e-05 DIIS
   @DF-RKS iter   8: -1001.05312608607471   -9.97617e-06   2.49320e-06 DIIS
   @DF-RKS iter   9: -1001.05312644158050   -3.55506e-07   1.15618e-06 DIIS
   @DF-RKS iter  10: -1001.05312654475188   -1.03171e-07   3.40314e-07 DIIS
   @DF-RKS iter  11: -1001.05312655332364   -8.57176e-09   1.15443e-07 DIIS
   @DF-RKS iter  12: -1001.05312655423802   -9.14383e-10   4.25995e-08 DIIS
   @DF-RKS iter  13: -1001.05312655436921   -1.31195e-10   1.36898e-08 DIIS
   @DF-RKS iter  14: -1001.05312655438070   -1.14824e-11   6.11909e-09 DIIS
  Energy and wave function converged.


  ==> Post-Iterations <==

   Electrons on quadrature grid:
      Ntotal   =  165.9998737617 ; deviation = -1.262e-04 

    Orbital Energies [Eh]
    ---------------------

    Doubly Occupied:                                                      

       1A    -19.185334     2A    -19.171742     3A    -19.122520  
       4A    -10.267112     5A    -10.259712     6A    -10.253847  
       7A    -10.245564     8A    -10.203402     9A    -10.198343  
      10A    -10.197332    11A    -10.194910    12A    -10.194878  
      13A    -10.190395    14A    -10.189527    15A    -10.188913  
      16A    -10.188627    17A    -10.186500    18A    -10.186261  
      19A    -10.185928    20A    -10.174934    21A    -10.174828  
      22A    -10.174647    23A    -10.170245    24A     -1.074811  
      25A     -1.068365    26A     -1.014784    27A     -0.872028  
      28A     -0.860260    29A     -0.827754    30A     -0.785585  
      31A     -0.767618    32A     -0.756323    33A     -0.753257  
      34A     -0.734711    35A     -0.707365    36A     -0.691783  
      37A     -0.691032    38A     -0.657660    39A     -0.623370  
      40A     -0.614148    41A     -0.607135    42A     -0.587448  
      43A     -0.562750    44A     -0.554390    45A     -0.540019  
      46A     -0.517906    47A     -0.497092    48A     -0.484263  
      49A     -0.477635    50A     -0.476773    51A     -0.462210  
      52A     -0.458532    53A     -0.451284    54A     -0.446557  
      55A     -0.445480    56A     -0.431711    57A     -0.427354  
      58A     -0.425969    59A     -0.424669    60A     -0.417700  
      61A     -0.413399    62A     -0.401492    63A     -0.390711  
      64A     -0.388093    65A     -0.383434    66A     -0.380033  
      67A     -0.372028    68A     -0.370767    69A     -0.364454  
      70A     -0.359576    71A     -0.356538    72A     -0.349095  
      73A     -0.334140    74A     -0.328660    75A     -0.326925  
      76A     -0.319372    77A     -0.318661    78A     -0.262358  
      79A     -0.258136    80A     -0.254767    81A     -0.247312  
      82A     -0.227970    83A     -0.215870  

    Virtual:                                                              

      84A     -0.061302    85A     -0.009535    86A     -0.002513  
      87A     -0.001646    88A      0.041860    89A      0.078275  
      90A      0.089806    91A      0.096299    92A      0.105631  
      93A      0.110315    94A      0.122129    95A      0.126127  
      96A      0.133955    97A      0.139442    98A      0.149282  
      99A      0.151385   100A      0.151664   101A      0.156114  
     102A      0.160435   103A      0.161066   104A      0.163254  
     105A      0.169751   106A      0.182111   107A      0.186905  
     108A      0.193631   109A      0.200681   110A      0.202043  
     111A      0.203792   112A      0.214854   113A      0.220122  
     114A      0.222477   115A      0.228682   116A      0.235611  
     117A      0.248604   118A      0.255694   119A      0.265020  
     120A      0.271086   121A      0.273713   122A      0.296139  
     123A      0.309219   124A      0.325126   125A      0.332626  
     126A      0.343441   127A      0.348401   128A      0.359450  
     129A      0.367549   130A      0.383109   131A      0.395141  
     132A      0.446452   133A      0.453793   134A      0.480281  
     135A      0.483172   136A      0.487705   137A      0.499902  
     138A      0.508610   139A      0.514766   140A      0.515931  
     141A      0.524152   142A      0.529279   143A      0.542545  
     144A      0.543896   145A      0.546315   146A      0.551118  
     147A      0.558115   148A      0.564736   149A      0.569725  
     150A      0.575700   151A      0.576913   152A      0.588217  
     153A      0.591503   154A      0.595701   155A      0.600726  
     156A      0.602827   157A      0.606505   158A      0.611905  
     159A      0.619646   160A      0.625514   161A      0.626136  
     162A      0.628360   163A      0.637772   164A      0.654655  
     165A      0.661223   166A      0.666893   167A      0.677559  
     168A      0.688719   169A      0.695925   170A      0.697640  
     171A      0.718434   172A      0.720602   173A      0.729505  
     174A      0.738621   175A      0.748325   176A      0.755587  
     177A      0.777854   178A      0.779041   179A      0.788477  
     180A      0.802334   181A      0.804128   182A      0.824819  
     183A      0.835396   184A      0.836600   185A      0.841544  
     186A      0.844544   187A      0.845670   188A      0.854803  
     189A      0.859059   190A      0.862231   191A      0.870706  
     192A      0.875095   193A      0.881148   194A      0.893727  
     195A      0.903160   196A      0.906792   197A      0.909149  
     198A      0.916087   199A      0.922163   200A      0.923527  
     201A      0.932103   202A      0.932837   203A      0.944069  
     204A      0.953327   205A      0.959456   206A      0.967358  
     207A      0.972996   208A      0.977137   209A      0.985911  
     210A      0.993264   211A      0.996603   212A      1.005277  
     213A      1.005657   214A      1.012689   215A      1.032049  
     216A      1.038451   217A      1.048730   218A      1.051220  
     219A      1.067800   220A      1.081688   221A      1.100483  
     222A      1.127358   223A      1.134325   224A      1.148716  
     225A      1.155544   226A      1.171960   227A      1.179331  
     228A      1.191969   229A      1.193449   230A      1.209097  
     231A      1.228483   232A      1.243255   233A      1.255711  
     234A      1.272243   235A      1.279288   236A      1.285594  
     237A      1.300149   238A      1.305714   239A      1.340307  
     240A      1.348895   241A      1.367441   242A      1.371970  
     243A      1.418440   244A      1.419030   245A      1.429226  
     246A      1.448178   247A      1.452800   248A      1.456632  
     249A      1.458679   250A      1.466381   251A      1.479389  
     252A      1.497202   253A      1.507679   254A      1.515259  
     255A      1.520690   256A      1.524754   257A      1.531737  
     258A      1.540409   259A      1.583556   260A      1.631866  
     261A      1.653188   262A      1.663877   263A      1.682107  
     264A      1.714169   265A      1.726883   266A      1.727327  
     267A      1.736005   268A      1.762052   269A      1.766573  
     270A      1.783452   271A      1.793987   272A      1.801903  
     273A      1.809866   274A      1.828351   275A      1.831437  
     276A      1.840776   277A      1.843276   278A      1.861634  
     279A      1.871289   280A      1.873635   281A      1.887743  
     282A      1.894132   283A      1.901622   284A      1.915911  
     285A      1.946682   286A      1.964159   287A      1.972312  
     288A      1.977347   289A      1.983791   290A      1.997559  
     291A      2.005590   292A      2.010493   293A      2.042844  
     294A      2.044497   295A      2.067018   296A      2.083463  
     297A      2.087193   298A      2.091632   299A      2.098204  
     300A      2.099790   301A      2.127592   302A      2.128647  
     303A      2.144427   304A      2.148351   305A      2.149499  
     306A      2.158091   307A      2.162427   308A      2.173516  
     309A      2.179079   310A      2.182064   311A      2.241637  
     312A      2.243937   313A      2.251023   314A      2.255436  
     315A      2.265144   316A      2.275002   317A      2.287998  
     318A      2.296135   319A      2.308298   320A      2.317336  
     321A      2.319919   322A      2.331111   323A      2.332809  
     324A      2.341721   325A      2.362095   326A      2.386229  
     327A      2.405100   328A      2.421317   329A      2.449644  
     330A      2.468903   331A      2.492372   332A      2.514599  
     333A      2.532640   334A      2.548551   335A      2.564648  
     336A      2.588458   337A      2.595397   338A      2.599782  
     339A      2.628564   340A      2.630773   341A      2.666853  
     342A      2.675324   343A      2.677961   344A      2.693049  
     345A      2.702559   346A      2.717560   347A      2.732737  
     348A      2.741615   349A      2.759617   350A      2.795590  
     351A      2.813642   352A      2.849728   353A      2.857313  
     354A      2.884755   355A      2.897380   356A      2.938673  
     357A      2.964956   358A      2.976054   359A      2.995445  
     360A      3.034734   361A      3.090368   362A      3.192921  
     363A      3.246873   364A      3.266972   365A      3.456330  
     366A      3.485380   367A      3.989834   368A      4.022608  
     369A      4.050236   370A      4.110947   371A      4.119002  
     372A      4.119931   373A      4.132683   374A      4.181336  
     375A      4.213043   376A      4.223130   377A      4.274042  
     378A      4.309077   379A      4.311362   380A      4.322696  
     381A      4.331795   382A      4.352096   383A      4.393007  
     384A      4.461392   385A      4.553868   386A      4.623024  
     387A      4.682248   388A      4.779415   389A      4.795370  

    Final Occupation by Irrep:
              A 
    DOCC [    83 ]
    NA   [    83 ]
    NB   [    83 ]

  @DF-RKS Final Energy: -1001.05312655438070

   => Energetics <=

    Nuclear Repulsion Energy =           1743.1219382959734503
    One-Electron Energy =               -4820.7160915838057917
    Two-Electron Energy =                2191.9946210334537682
    DFT Exchange-Correlation Energy =    -115.4535943000021092
    Empirical Dispersion Energy =           0.0000000000000000
    VV10 Nonlocal Energy =                  0.0000000000000000
    Total Energy =                      -1001.0531265543806967

Computation Completed


Properties will be evaluated at   0.000000,   0.000000,   0.000000 [a0]

Properties computed using the SCF density matrix


 Multipole Moments:

 ------------------------------------------------------------------------------------
     Multipole            Electronic (a.u.)      Nuclear  (a.u.)        Total (a.u.)
 ------------------------------------------------------------------------------------

 L = 1.  Multiply by 2.5417464519 to convert [e a0] to [Debye]
 Dipole X            :       -170.8206678          170.8734157            0.0527479
 Dipole Y            :        -52.1564610           51.2291768           -0.9272842
 Dipole Z            :         63.5381911          -62.8003613            0.7378298
 Magnitude           :                                                    1.1861834

 ------------------------------------------------------------------------------------

*** tstop() called on DESKTOP-19Q153E at Mon Jul 20 16:39:46 2026
Module time:
	user time   =        nan seconds =        nan minutes
	system time =        nan seconds =        nan minutes
	total time  =        158 seconds =       2.63 minutes
Total time:
	user time   =        nan seconds =        nan minutes
	system time =        nan seconds =        nan minutes
	total time  =        158 seconds =       2.63 minutes

******************************************************************************************
**********                               WARNING                                **********
**********       The names of excited state variables changed between 1.5       **********
**********     and 1.6. For a quick solution, remove the symmetry specifier     **********
**********   from the variable name. For full details, see 'Notes on Psivars'   **********
**********                        in the documentation.                         **********
******************************************************************************************



         ---------------------------------------------------------
                         TDSCF excitation energies                
                 by Andrew M. James and Daniel G. A. Smith        
         ---------------------------------------------------------

  ==> Options <==

     Residual threshold  : 1.0000e-04
     Initial guess       : denominators
     Reference           : RHF
     Solver type         : TDA (Davidson)


  ==> Requested Excitations <==

      12 singlet states with A symmetry


  ==> Seeking the lowest 12 singlet states with A symmetry

                         Generalized Davidson Solver                         
                               By Ruhee Dcunha                               

  ==> Options <==

    Max number of iterations        = 60   
    Eigenvector tolerance           = 1.0000e-04
    Max number of expansion vectors = 2400 

  => Iterations <=
                           Max[D[value]]     Max[|R|]   # vectors
  DavidsonSolver iter   1:   2.11757e-01  1.02970e-01     48      
  DavidsonSolver iter   2:   9.10220e-03  1.87503e-02     60      
  DavidsonSolver iter   3:   4.27224e-04  4.89066e-03     72      
  DavidsonSolver iter   4:   2.24156e-05  8.43657e-04     84      
  DavidsonSolver iter   5:   8.13687e-07  1.62061e-04     96      
  DavidsonSolver iter   6:   2.68213e-08  7.61559e-05    101      Converged

******************************************************************************************
**********                               WARNING                                **********
**********  Length-gauge rotatory strengths are **NOT** gauge-origin invariant  **********
******************************************************************************************

                                    Excitation Energy         Total Energy        Oscillator Strength             Rotatory Strength       
     #   Sym: GS->ES (Trans)        au              eV              au          au (length)    au (velocity)    au (length)    au (velocity) 
    ---- -------------------- --------------- --------------- --------------- --------------- --------------- --------------- ---------------
     1        A->A (1 A)       0.13834         3.76453        -1000.91478      0.1380          0.0552          0.0186          0.0598        
     2        A->A (1 A)       0.14500         3.94576        -1000.90812      0.8494          0.3188          0.0627          0.0455        
     3        A->A (1 A)       0.16249         4.42153        -1000.89064      0.2566          0.0816         -0.0742         -0.0275        
     4        A->A (1 A)       0.17048         4.63903        -1000.88265      0.0026          0.0014         -0.0003          0.0006        
     5        A->A (1 A)       0.17254         4.69502        -1000.88059      0.0089          0.0012          0.0076          0.0035        
     6        A->A (1 A)       0.18698         5.08796        -1000.86615      0.0089          0.0008          0.0045          0.0017        
     7        A->A (1 A)       0.19317         5.25645        -1000.85996      0.0444          0.0017         -0.0213         -0.0063        
     8        A->A (1 A)       0.19470         5.29809        -1000.85843      0.0166          0.0009          0.0055         -0.0009        
     9        A->A (1 A)       0.19863         5.40502        -1000.85450      0.0317          0.0321         -0.0168          0.0044        
     10       A->A (1 A)       0.20227         5.50405        -1000.85086      0.0445          0.0107         -0.0760          0.0115        
     11       A->A (1 A)       0.20442         5.56266        -1000.84870      0.0692          0.0269          0.0431         -0.0091        
     12       A->A (1 A)       0.20883         5.68254        -1000.84430      0.0185          0.0151          0.0174          0.0153        



Contributing excitations
Only contributions with abs(coeff) > 1.00e-01 will be printed:

Excited State    1 (1 A):   0.13834 au   329.35 nm f = 0.1380
  Sums of squares: Xssq =  1.000000e+00
     79a  ->  84a     0.124709 ( 1.555%)
     81a  ->  84a     0.814960 (66.416%)
     82a  ->  84a     0.318438 (10.140%)
     83a  ->  84a    -0.427303 (18.259%)

Excited State    2 (1 A):   0.14500 au   314.22 nm f = 0.8494
  Sums of squares: Xssq =  1.000000e+00
     78a  ->  84a    -0.103948 ( 1.081%)
     81a  ->  84a     0.464650 (21.590%)
     83a  ->  84a     0.858129 (73.639%)

Excited State    3 (1 A):   0.16249 au   280.41 nm f = 0.2566
  Sums of squares: Xssq =  1.000000e+00
     79a  ->  84a     0.148507 ( 2.205%)
     81a  ->  84a     0.214504 ( 4.601%)
     82a  ->  84a    -0.882934 (77.957%)
     83a  ->  84a    -0.208143 ( 4.332%)
     83a  ->  85a     0.224643 ( 5.046%)

Excited State    4 (1 A):   0.17048 au   267.26 nm f = 0.0026
  Sums of squares: Xssq =  1.000000e+00
     78a  ->  84a    -0.259366 ( 6.727%)
     78a  ->  86a    -0.134063 ( 1.797%)
     80a  ->  84a    -0.848256 (71.954%)
     82a  ->  86a     0.198356 ( 3.934%)
     83a  ->  86a     0.350081 (12.256%)

Excited State    5 (1 A):   0.17254 au   264.08 nm f = 0.0089
  Sums of squares: Xssq =  1.000000e+00
     79a  ->  84a    -0.885050 (78.331%)
     79a  ->  85a     0.105658 ( 1.116%)
     81a  ->  84a     0.144036 ( 2.075%)
     82a  ->  87a     0.212799 ( 4.528%)
     83a  ->  85a     0.127860 ( 1.635%)
     83a  ->  87a    -0.303496 ( 9.211%)

Excited State    6 (1 A):   0.18698 au   243.68 nm f = 0.0089
  Sums of squares: Xssq =  1.000000e+00
     78a  ->  84a     0.769366 (59.192%)
     80a  ->  84a    -0.307819 ( 9.475%)
     82a  ->  84a     0.133144 ( 1.773%)
     82a  ->  85a     0.262737 ( 6.903%)
     83a  ->  84a     0.101195 ( 1.024%)
     83a  ->  85a     0.367431 (13.501%)
     83a  ->  88a    -0.182233 ( 3.321%)

Excited State    7 (1 A):   0.19317 au   235.87 nm f = 0.0444
  Sums of squares: Xssq =  1.000000e+00
     78a  ->  84a     0.219111 ( 4.801%)
     78a  ->  85a    -0.109895 ( 1.208%)
     79a  ->  84a    -0.269712 ( 7.274%)
     79a  ->  85a    -0.157796 ( 2.490%)
     80a  ->  86a    -0.102071 ( 1.042%)
     82a  ->  87a     0.214411 ( 4.597%)
     83a  ->  85a    -0.415842 (17.292%)
     83a  ->  86a     0.315621 ( 9.962%)
     83a  ->  87a     0.683495 (46.717%)

Excited State    8 (1 A):   0.19470 au   234.02 nm f = 0.0166
  Sums of squares: Xssq =  1.000000e+00
     78a  ->  84a    -0.311525 ( 9.705%)
     78a  ->  85a     0.100816 ( 1.016%)
     78a  ->  86a    -0.103986 ( 1.081%)
     79a  ->  85a    -0.155687 ( 2.424%)
     80a  ->  84a    -0.238524 ( 5.689%)
     80a  ->  85a     0.119674 ( 1.432%)
     80a  ->  86a     0.121107 ( 1.467%)
     81a  ->  85a     0.107281 ( 1.151%)
     83a  ->  85a     0.192561 ( 3.708%)
     83a  ->  86a    -0.662743 (43.923%)
     83a  ->  87a     0.480268 (23.066%)

Excited State    9 (1 A):   0.19863 au   229.39 nm f = 0.0317
  Sums of squares: Xssq =  1.000000e+00
     78a  ->  84a     0.257968 ( 6.655%)
     79a  ->  84a     0.127818 ( 1.634%)
     79a  ->  85a     0.134940 ( 1.821%)
     80a  ->  84a    -0.212211 ( 4.503%)
     80a  ->  85a     0.256419 ( 6.575%)
     82a  ->  85a    -0.277809 ( 7.718%)
     82a  ->  87a     0.153232 ( 2.348%)
     83a  ->  85a    -0.619005 (38.317%)
     83a  ->  86a    -0.420557 (17.687%)
     83a  ->  87a    -0.232621 ( 5.411%)

Excited State   10 (1 A):   0.20227 au   225.26 nm f = 0.0445
  Sums of squares: Xssq =  1.000000e+00
     79a  ->  84a     0.151894 ( 2.307%)
     79a  ->  85a     0.190743 ( 3.638%)
     79a  ->  87a     0.160297 ( 2.570%)
     81a  ->  84a    -0.107206 ( 1.149%)
     81a  ->  85a    -0.493498 (24.354%)
     82a  ->  85a    -0.350134 (12.259%)
     82a  ->  86a     0.106151 ( 1.127%)
     82a  ->  87a     0.612136 (37.471%)
     83a  ->  85a     0.267047 ( 7.131%)
     83a  ->  87a     0.142341 ( 2.026%)

Excited State   11 (1 A):   0.20442 au   222.89 nm f = 0.0692
  Sums of squares: Xssq =  1.000000e+00
     79a  ->  84a    -0.158543 ( 2.514%)
     79a  ->  85a    -0.340087 (11.566%)
     79a  ->  88a    -0.109654 ( 1.202%)
     81a  ->  85a    -0.397228 (15.779%)
     81a  ->  87a    -0.108329 ( 1.174%)
     82a  ->  85a    -0.562382 (31.627%)
     82a  ->  87a    -0.551034 (30.364%)

Excited State   12 (1 A):   0.20883 au   218.18 nm f = 0.0185
  Sums of squares: Xssq =  1.000000e+00
     79a  ->  85a     0.156981 ( 2.464%)
     80a  ->  85a    -0.212637 ( 4.521%)
     81a  ->  85a     0.496383 (24.640%)
     82a  ->  85a    -0.307165 ( 9.435%)
     82a  ->  86a     0.693397 (48.080%)
     83a  ->  85a     0.105101 ( 1.105%)
     83a  ->  86a    -0.177692 ( 3.157%)


******************************************************************************************
**********                               WARNING                                **********
**********       The names of excited state variables changed between 1.5       **********
**********     and 1.6. For a quick solution, remove the symmetry specifier     **********
**********   from the variable name. For full details, see 'Notes on Psivars'   **********
**********                        in the documentation.                         **********
******************************************************************************************

