
  Memory set to   5.588 GiB by Python driver.
  Threads set to 4 by Python driver.

Scratch directory: C:\Users\ysm04\Documents\etc\uv_vis\calculations\_scratch/
  PCM or DDX continuum solvation does not make use of molecular symmetry: further calculations in C1 point group.
   => Libint2 <=

    Primary   basis highest AM E, G, H:  7, 6, -
    Auxiliary basis highest AM E, G, H:  7, 7, -
    Onebody   basis highest AM E, G, H:  -, -, -
    Solid Harmonics ordering:            Gaussian

*** tstart() called on DESKTOP-19Q153E
*** at Mon Jul 20 16:50:41 2026

   => Loading Basis Set <=

    Name: 6-31G(D)
    Role: ORBITAL
    Keyword: BASIS
    atoms 1-11, 13-14, 16-19, 21-23 entry C          line   111 file C:\Users\ysm04\Documents\etc\uv_vis\.mamba\envs\qc\Library\share\psi4\basis\6-31g_d_.gbs 
    atoms 12, 15, 20                entry O          line   145 file C:\Users\ysm04\Documents\etc\uv_vis\.mamba\envs\qc\Library\share\psi4\basis\6-31g_d_.gbs 
    atoms 24-45                     entry H          line    44 file C:\Users\ysm04\Documents\etc\uv_vis\.mamba\envs\qc\Library\share\psi4\basis\6-31g_d_.gbs 


         ---------------------------------------------------------
                                   SCF
               by Justin Turney, Rob Parrish, Andy Simmonett
                          and Daniel G. A. Smith
                              RKS Reference
                        4 Threads,   1626 MiB Core
         ---------------------------------------------------------

  ==> Geometry <==

    Molecular point group: c1
    Full point group: C1

    Geometry (in Angstrom), charge = 0, multiplicity = 1:

       Center              X                  Y                   Z               Mass       
    ------------   -----------------  -----------------  -----------------  -----------------
         C           -6.277318270000    -0.360474760000    -0.367111080000    12.000000000000
         C           -5.184244750000    -0.391911560000     0.705459590000    12.000000000000
         C           -5.584038030000     0.575826410000     1.829940160000    12.000000000000
         C           -5.096092250000    -1.823379760000     1.256638680000    12.000000000000
         C           -3.823413360000     0.018414040000     0.167563570000    12.000000000000
         C           -3.617649940000     0.426976030000    -1.146121030000    12.000000000000
         C           -2.363007550000     0.792150670000    -1.595141920000    12.000000000000
         C           -1.256765690000     0.750361110000    -0.748010120000    12.000000000000
         C           -1.457505610000     0.355116600000     0.575067790000    12.000000000000
         C           -2.715110480000     0.001931280000     1.015425550000    12.000000000000
         C            0.061982480000     1.123240360000    -1.267103920000    12.000000000000
         O            0.047227930000     1.897177640000    -2.345934450000    15.994914619570
         C            1.234065070000     0.685881240000    -0.708049280000    12.000000000000
         C            2.507594340000     1.028704980000    -1.271469180000    12.000000000000
         O            2.610310670000     1.732941780000    -2.299094480000    15.994914619570
         C            3.726346450000     0.491379980000    -0.630238020000    12.000000000000
         C            3.806852260000     0.189768480000     0.731164250000    12.000000000000
         C            4.975267470000    -0.297660380000     1.269585750000    12.000000000000
         C            6.099275780000    -0.512838100000     0.464546810000    12.000000000000
         O            7.190388880000    -1.011350270000     1.095730080000    15.994914619570
         C            8.373049080000    -1.234078280000     0.352912510000    12.000000000000
         C            6.029645510000    -0.205616370000    -0.892683680000    12.000000000000
         C            4.858432520000     0.300134870000    -1.419862050000    12.000000000000
         H           -7.221763030000    -0.675578860000     0.071416070000     1.007825032230
         H           -6.410544670000     0.643662330000    -0.762631950000     1.007825032230
         H           -6.042871560000    -1.039449330000    -1.183674340000     1.007825032230
         H           -4.868682410000     0.550786180000     2.647158420000     1.007825032230
         H           -6.561949530000     0.306381990000     2.222472300000     1.007825032230
         H           -5.632818180000     1.594320770000     1.449851870000     1.007825032230
         H           -4.381209500000    -1.893834840000     2.071333800000     1.007825032230
         H           -6.068299240000    -2.138242470000     1.628944140000     1.007825032230
         H           -4.787500420000    -2.510459790000     0.471245020000     1.007825032230
         H           -4.437892980000     0.467220770000    -1.843402310000     1.007825032230
         H           -2.224763490000     1.104223880000    -2.619410970000     1.007825032230
         H           -0.631699990000     0.346599790000     1.269011620000     1.007825032230
         H           -2.831718660000    -0.291135750000     2.047366660000     1.007825032230
         H            0.998508810000     2.047110090000    -2.617795640000     1.007825032230
         H            1.205789090000     0.019496460000     0.133210610000     1.007825032230
         H            2.963900050000     0.367226450000     1.380179650000     1.007825032230
         H            5.051984370000    -0.523131060000     2.321687370000     1.007825032230
         H            9.096768570000    -1.613793920000     1.071587240000     1.007825032230
         H            8.214314360000    -1.977126740000    -0.433620180000     1.007825032230
         H            8.746619890000    -0.305236360000    -0.086779130000     1.007825032230
         H            6.878012390000    -0.352233190000    -1.541581380000     1.007825032230
         H            4.800523610000     0.548792240000    -2.469784390000     1.007825032230

  Running in c1 symmetry.

  Rotational constants: A =      0.02171  B =      0.00260  C =      0.00239 [cm^-1]
  Rotational constants: A =    650.75016  B =     78.04954  C =     71.63093 [MHz]
  Nuclear repulsion = 1743.121938295973450

  Charge       = 0
  Multiplicity = 1
  Electrons    = 166
  Nalpha       = 83
  Nbeta        = 83

  ==> Algorithm <==

  SCF Algorithm Type is DF.
  DIIS enabled.
  MOM disabled.
  Fractional occupation disabled.
  Guess Type is SAD.
  Energy threshold   = 1.00e-08
  Density threshold  = 1.00e-08
  Integral threshold = 1.00e-12

  ==> Primary Basis <==

  Basis Set: 6-31G(D)
    Blend: 6-31G(D)
    Number of shells: 182
    Number of basis functions: 389
    Number of Cartesian functions: 389
    Spherical Harmonics?: false
    Max angular momentum: 2

  ==> DFT Potential <==

   => LibXC <=

    Version 7.0.0
    S. Lehtola, C. Steigemann, M. J.T. Oliveira, and M. A.L. Marques.,  SoftwareX 7, 1–5 (2018) (10.1016/j.softx.2017.11.002)

   => Composite Functional: B3LYP <= 

    B3LYP Hyb-GGA Exchange-Correlation Functional

    P. J. Stephens, F. J. Devlin, C. F. Chabalowski, and M. J. Frisch.,  J. Phys. Chem. 98, 11623 (1994) (10.1021/j100096a001)

    Deriv               =              1
    GGA                 =           TRUE
    Meta                =          FALSE

    Exchange Hybrid     =           TRUE
    MP2 Hybrid          =          FALSE

   => Exchange Functionals <=

    0.0800   Slater exchange
    0.7200         Becke 88

   => Exact (HF) Exchange <=

    0.2000               HF 

   => Correlation Functionals <=

    0.1900   Vosko, Wilk & Nusair (VWN5_RPA)
    0.8100   Lee, Yang & Parr

   => LibXC Density Thresholds  <==

    XC_HYB_GGA_XC_B3LYP:  1.00E-15 

   => Molecular Quadrature <=

    Radial Scheme          =       TREUTLER
    Pruning Scheme         =           NONE
    Nuclear Scheme         =       TREUTLER

    Blocking Scheme        =         OCTREE
    BS radius alpha        =              1
    Pruning alpha          =              1
    Radial Points          =             75
    Spherical Points       =            302
    Total Points           =         924677
    Total Blocks           =           6562
    Max Points             =            256
    Max Functions          =            264
    Weights Tolerance      =       1.00E-15

   => Loading Basis Set <=

    Name: (6-31G(D) AUX)
    Role: JKFIT
    Keyword: DF_BASIS_SCF
    atoms 1-11, 13-14, 16-19, 21-23 entry C          line   121 file C:\Users\ysm04\Documents\etc\uv_vis\.mamba\envs\qc\Library\share\psi4\basis\cc-pvdz-jkfit.gbs 
    atoms 12, 15, 20                entry O          line   221 file C:\Users\ysm04\Documents\etc\uv_vis\.mamba\envs\qc\Library\share\psi4\basis\cc-pvdz-jkfit.gbs 
    atoms 24-45                     entry H          line    51 file C:\Users\ysm04\Documents\etc\uv_vis\.mamba\envs\qc\Library\share\psi4\basis\cc-pvdz-jkfit.gbs 

  **PSI4:PCMSOLVER Interface Active**

-----------------------------------------------------------------------
   PCMSolver: An Open Source API for the Polarizable Continuum Model
                   PCMSolver 1.2.3+zzzzzzz

           Git: Branch {}, Revision {zzzzzzz}

 R. Di Remigio, A. H. Steindal, K. Mozgawa, V. Weijo, H. Cao, and
 L. Frediani, Int. J. Quantum Chem., 2019, 119 (1), e25685.

 Source repository: https://github.com/PCMSolver/pcmsolver
 Documentation: https://pcmsolver.readthedocs.io/
 PCMSolver initialized on: Monday, 20 July 2026 04:51 PM
-----------------------------------------------------------------------

~~~~~~~~~~ PCMSolver ~~~~~~~~~~
Using CODATA 2010 set of constants.
Input parsing done API-side
========== Cavity 
Atomic radii set: 
Cavity type: GePol
Average tesserae area = 1 Ang^2
Solvent probe radius = 2.18 Ang
Number of spheres = 45 [initial = 45; added = 0]
Number of finite elements = 1047 (1 pruned)
Number of irreducible finite elements = 1047
============ Spheres list (in Angstrom)
 Sphere   on   Radius   Alpha       X            Y            Z     
-------- ---- -------- ------- -----------  -----------  -----------
   1      C    1.7000   1.20     -6.277318     -0.360475     -0.367111
   2      C    1.7000   1.20     -5.184245     -0.391912     0.705460
   3      C    1.7000   1.20     -5.584038     0.575826     1.829940
   4      C    1.7000   1.20     -5.096092     -1.823380     1.256639
   5      C    1.7000   1.20     -3.823413     0.018414     0.167564
   6      C    1.7000   1.20     -3.617650     0.426976     -1.146121
   7      C    1.7000   1.20     -2.363008     0.792151     -1.595142
   8      C    1.7000   1.20     -1.256766     0.750361     -0.748010
   9      C    1.7000   1.20     -1.457506     0.355117     0.575068
  10      C    1.7000   1.20     -2.715110     0.001931     1.015426
  11      C    1.7000   1.20     0.061982     1.123240     -1.267104
  12      O    1.5200   1.20     0.047228     1.897178     -2.345934
  13      C    1.7000   1.20     1.234065     0.685881     -0.708049
  14      C    1.7000   1.20     2.507594     1.028705     -1.271469
  15      O    1.5200   1.20     2.610311     1.732942     -2.299094
  16      C    1.7000   1.20     3.726346     0.491380     -0.630238
  17      C    1.7000   1.20     3.806852     0.189768     0.731164
  18      C    1.7000   1.20     4.975267     -0.297660     1.269586
  19      C    1.7000   1.20     6.099276     -0.512838     0.464547
  20      O    1.5200   1.20     7.190389     -1.011350     1.095730
  21      C    1.7000   1.20     8.373049     -1.234078     0.352913
  22      C    1.7000   1.20     6.029646     -0.205616     -0.892684
  23      C    1.7000   1.20     4.858433     0.300135     -1.419862
  24      H    1.2000   1.20     -7.221763     -0.675579     0.071416
  25      H    1.2000   1.20     -6.410545     0.643662     -0.762632
  26      H    1.2000   1.20     -6.042872     -1.039449     -1.183674
  27      H    1.2000   1.20     -4.868682     0.550786     2.647158
  28      H    1.2000   1.20     -6.561950     0.306382     2.222472
  29      H    1.2000   1.20     -5.632818     1.594321     1.449852
  30      H    1.2000   1.20     -4.381210     -1.893835     2.071334
  31      H    1.2000   1.20     -6.068299     -2.138242     1.628944
  32      H    1.2000   1.20     -4.787500     -2.510460     0.471245
  33      H    1.2000   1.20     -4.437893     0.467221     -1.843402
  34      H    1.2000   1.20     -2.224763     1.104224     -2.619411
  35      H    1.2000   1.20     -0.631700     0.346600     1.269012
  36      H    1.2000   1.20     -2.831719     -0.291136     2.047367
  37      H    1.2000   1.20     0.998509     2.047110     -2.617796
  38      H    1.2000   1.20     1.205789     0.019496     0.133211
  39      H    1.2000   1.20     2.963900     0.367226     1.380180
  40      H    1.2000   1.20     5.051984     -0.523131     2.321687
  41      H    1.2000   1.20     9.096769     -1.613794     1.071587
  42      H    1.2000   1.20     8.214314     -1.977127     -0.433620
  43      H    1.2000   1.20     8.746620     -0.305236     -0.086779
  44      H    1.2000   1.20     6.878012     -0.352233     -1.541581
  45      H    1.2000   1.20     4.800524     0.548792     -2.469784
========== Static solver 
Solver Type: IEFPCM, isotropic
PCM matrix hermitivitized
============ Medium 
Medium initialized from solvent built-in data.
Solvent name:          Ethanol
Static  permittivity = 24.55
Optical permittivity = 1.85
Solvent radius =       2.18 Ang
.... Inside 
Green's function type: vacuum
.... Outside 
Green's function type: uniform dielectric
Permittivity = 24.55
========== Dynamic solver 
Solver Type: IEFPCM, isotropic
PCM matrix hermitivitized
============ Medium 
Medium initialized from solvent built-in data.
Solvent name:          Ethanol
Static  permittivity = 24.55
Optical permittivity = 1.85
Solvent radius =       2.18 Ang
.... Inside 
Green's function type: vacuum
.... Outside 
Green's function type: uniform dielectric
Permittivity = 1.847

  ==> Integral Setup <==

  DFHelper Memory: AOs need 1.665 GiB; user supplied 1.665 GiB. 
  SCF_SUBTYPE=INCORE selected. In-core MEM_DF algorithm will be used.
  Using in-core AOs.

  ==> MemDFJK: Density-Fitted J/K Matrices <==

    J tasked:                   Yes
    K tasked:                   Yes
    wK tasked:                   No
    OpenMP threads:               4
    Memory [MiB]:              1705
    Algorithm:                 Core
    Schwarz Cutoff:           1E-12
    Mask sparsity (%):      41.7959
    Fitting Condition:        1E-10

   => Auxiliary Basis Set <=

  Basis Set: (6-31G(D) AUX)
    Blend: CC-PVDZ-JKFIT
    Number of shells: 750
    Number of basis functions: 2413
    Number of Cartesian functions: 2413
    Spherical Harmonics?: false
    Max angular momentum: 3

  Cached 50.0% of DFT collocation blocks in 1.940 [GiB].

  Minimum eigenvalue in the overlap matrix is 3.6943021789E-04.
  Reciprocal condition number of the overlap matrix is 4.6355964277E-05.
    Using symmetric orthogonalization.

  ==> Pre-Iterations <==

  SCF Guess: Superposition of Atomic Densities via on-the-fly atomic UHF (no occupation information).

   -------------------------
    Irrep   Nso     Nmo    
   -------------------------
     A        389     389 
   -------------------------
    Total     389     389
   -------------------------

  ==> Iterations <==

                           Total Energy        Delta E     RMS |[F,P]|

   @DF-RKS iter SAD:  -999.93991212358128   -9.99940e+02   0.00000e+00 
   @DF-RKS iter   1:  -999.94165968217703   -1.74756e-03   3.80763e-03 ADIIS/DIIS
   @DF-RKS iter   2:  -999.84820609294809    9.34536e-02   4.01494e-03 ADIIS/DIIS
   @DF-RKS iter   3: -1001.01923489624824   -1.17103e+00   8.06357e-04 ADIIS/DIIS
   @DF-RKS iter   4: -1001.06009544251310   -4.08605e-02   2.63261e-04 ADIIS/DIIS
   @DF-RKS iter   5: -1001.06416104693506   -4.06560e-03   8.26774e-05 DIIS
   @DF-RKS iter   6: -1001.06458530943371   -4.24262e-04   2.55671e-05 DIIS
   @DF-RKS iter   7: -1001.06462124527991   -3.59358e-05   9.27428e-06 DIIS
   @DF-RKS iter   8: -1001.06462669848975   -5.45321e-06   1.71260e-06 DIIS
   @DF-RKS iter   9: -1001.06462686984082   -1.71351e-07   7.20423e-07 DIIS
   @DF-RKS iter  10: -1001.06462690840385   -3.85630e-08   1.84174e-07 DIIS
   @DF-RKS iter  11: -1001.06462691059210   -2.18824e-09   7.84022e-08 DIIS
   @DF-RKS iter  12: -1001.06462691101683   -4.24734e-10   1.57139e-08 DIIS
   @DF-RKS iter  13: -1001.06462691103104   -1.42109e-11   8.11624e-09 DIIS
  Energy and wave function converged.


  ==> Post-Iterations <==

   Electrons on quadrature grid:
      Ntotal   =  165.9998727867 ; deviation = -1.272e-04 

    Orbital Energies [Eh]
    ---------------------

    Doubly Occupied:                                                      

       1A    -19.186221     2A    -19.183152     3A    -19.134749  
       4A    -10.275513     5A    -10.270222     6A    -10.257233  
       7A    -10.234964     8A    -10.201726     9A    -10.198644  
      10A    -10.198134    11A    -10.197803    12A    -10.195608  
      13A    -10.195440    14A    -10.192534    15A    -10.191795  
      16A    -10.190911    17A    -10.189274    18A    -10.187815  
      19A    -10.186871    20A    -10.176933    21A    -10.168570  
      22A    -10.168435    23A    -10.167324    24A     -1.079706  
      25A     -1.075048    26A     -1.027559    27A     -0.873277  
      28A     -0.864852    29A     -0.825976    30A     -0.790194  
      31A     -0.769804    32A     -0.759364    33A     -0.754132  
      34A     -0.737395    35A     -0.705678    36A     -0.685595  
      37A     -0.685009    38A     -0.661580    39A     -0.626847  
      40A     -0.616118    41A     -0.607812    42A     -0.590354  
      43A     -0.567637    44A     -0.552287    45A     -0.539796  
      46A     -0.520427    47A     -0.500216    48A     -0.486659  
      49A     -0.479375    50A     -0.471584    51A     -0.462584  
      52A     -0.458962    53A     -0.451088    54A     -0.450582  
      55A     -0.439517    56A     -0.434004    57A     -0.429918  
      58A     -0.429277    59A     -0.427369    60A     -0.417356  
      61A     -0.415580    62A     -0.397776    63A     -0.393163  
      64A     -0.390318    65A     -0.388888    66A     -0.375349  
      67A     -0.374660    68A     -0.369626    69A     -0.365155  
      70A     -0.360568    71A     -0.359865    72A     -0.350382  
      73A     -0.329851    74A     -0.329741    75A     -0.324124  
      76A     -0.322609    77A     -0.314353    78A     -0.267537  
      79A     -0.263709    80A     -0.259092    81A     -0.256867  
      82A     -0.234559    83A     -0.221408  

    Virtual:                                                              

      84A     -0.069224    85A     -0.014022    86A     -0.006177  
      87A     -0.004321    88A      0.036844    89A      0.086040  
      90A      0.092888    91A      0.100019    92A      0.109834  
      93A      0.116581    94A      0.129801    95A      0.130341  
      96A      0.141336    97A      0.143293    98A      0.146122  
      99A      0.156423   100A      0.158134   101A      0.162729  
     102A      0.164834   103A      0.166532   104A      0.168542  
     105A      0.176932   106A      0.182180   107A      0.187854  
     108A      0.197296   109A      0.203830   110A      0.206596  
     111A      0.210227   112A      0.215508   113A      0.225260  
     114A      0.229428   115A      0.232418   116A      0.235413  
     117A      0.248487   118A      0.256968   119A      0.268266  
     120A      0.270373   121A      0.273941   122A      0.297783  
     123A      0.306149   124A      0.324205   125A      0.331633  
     126A      0.340538   127A      0.344800   128A      0.358420  
     129A      0.361389   130A      0.380956   131A      0.391036  
     132A      0.442766   133A      0.448626   134A      0.480352  
     135A      0.481577   136A      0.490702   137A      0.504732  
     138A      0.506695   139A      0.510273   140A      0.513982  
     141A      0.520502   142A      0.529436   143A      0.540643  
     144A      0.542837   145A      0.545838   146A      0.552220  
     147A      0.557090   148A      0.562410   149A      0.564918  
     150A      0.571486   151A      0.573831   152A      0.585546  
     153A      0.588818   154A      0.593198   155A      0.597376  
     156A      0.598614   157A      0.603834   158A      0.609753  
     159A      0.618516   160A      0.621631   161A      0.624547  
     162A      0.627897   163A      0.636090   164A      0.650230  
     165A      0.656839   166A      0.664560   167A      0.681075  
     168A      0.685479   169A      0.689946   170A      0.692991  
     171A      0.709603   172A      0.716502   173A      0.732554  
     174A      0.740692   175A      0.744744   176A      0.758613  
     177A      0.770655   178A      0.775457   179A      0.788031  
     180A      0.801554   181A      0.804041   182A      0.825951  
     183A      0.835237   184A      0.838655   185A      0.843195  
     186A      0.844145   187A      0.848891   188A      0.859648  
     189A      0.864754   190A      0.865120   191A      0.871200  
     192A      0.875850   193A      0.884812   194A      0.893169  
     195A      0.904752   196A      0.908205   197A      0.913573  
     198A      0.921951   199A      0.922544   200A      0.925410  
     201A      0.937532   202A      0.939155   203A      0.947591  
     204A      0.950458   205A      0.956980   206A      0.968119  
     207A      0.972625   208A      0.977145   209A      0.978347  
     210A      0.988840   211A      0.995979   212A      1.004974  
     213A      1.006267   214A      1.017416   215A      1.027469  
     216A      1.037502   217A      1.043293   218A      1.048397  
     219A      1.064133   220A      1.077586   221A      1.096385  
     222A      1.121917   223A      1.129928   224A      1.147146  
     225A      1.151143   226A      1.169349   227A      1.178725  
     228A      1.184872   229A      1.192921   230A      1.205704  
     231A      1.225287   232A      1.238763   233A      1.252426  
     234A      1.266507   235A      1.269941   236A      1.281641  
     237A      1.296214   238A      1.302050   239A      1.342885  
     240A      1.343763   241A      1.363970   242A      1.366413  
     243A      1.413551   244A      1.414156   245A      1.425833  
     246A      1.445594   247A      1.451024   248A      1.454851  
     249A      1.456108   250A      1.463375   251A      1.475688  
     252A      1.490127   253A      1.502531   254A      1.513630  
     255A      1.518394   256A      1.522763   257A      1.527343  
     258A      1.542450   259A      1.587258   260A      1.629259  
     261A      1.649982   262A      1.666404   263A      1.680488  
     264A      1.711612   265A      1.719865   266A      1.726218  
     267A      1.733341   268A      1.754145   269A      1.759683  
     270A      1.777725   271A      1.783828   272A      1.798168  
     273A      1.806129   274A      1.821698   275A      1.825905  
     276A      1.836555   277A      1.839998   278A      1.857763  
     279A      1.873158   280A      1.877961   281A      1.883363  
     282A      1.892847   283A      1.896190   284A      1.912643  
     285A      1.944571   286A      1.961151   287A      1.967637  
     288A      1.973102   289A      1.984194   290A      1.993975  
     291A      2.003525   292A      2.012174   293A      2.039273  
     294A      2.042841   295A      2.065167   296A      2.085318  
     297A      2.088734   298A      2.092642   299A      2.100580  
     300A      2.101135   301A      2.124772   302A      2.125510  
     303A      2.141849   304A      2.146166   305A      2.146636  
     306A      2.156240   307A      2.164118   308A      2.169891  
     309A      2.173344   310A      2.185729   311A      2.241257  
     312A      2.247334   313A      2.253494   314A      2.260469  
     315A      2.263219   316A      2.280976   317A      2.287394  
     318A      2.301049   319A      2.305831   320A      2.314815  
     321A      2.322767   322A      2.328194   323A      2.331835  
     324A      2.339792   325A      2.359830   326A      2.380910  
     327A      2.399724   328A      2.415465   329A      2.441714  
     330A      2.470682   331A      2.496220   332A      2.507616  
     333A      2.527049   334A      2.544543   335A      2.559523  
     336A      2.585970   337A      2.590824   338A      2.600108  
     339A      2.625123   340A      2.626547   341A      2.664177  
     342A      2.671437   343A      2.675015   344A      2.690702  
     345A      2.699155   346A      2.715942   347A      2.734638  
     348A      2.741043   349A      2.757052   350A      2.791901  
     351A      2.812642   352A      2.844253   353A      2.850040  
     354A      2.880095   355A      2.895406   356A      2.934577  
     357A      2.956630   358A      2.969294   359A      2.991289  
     360A      3.030834   361A      3.085924   362A      3.189108  
     363A      3.241164   364A      3.260603   365A      3.454050  
     366A      3.481715   367A      3.978083   368A      4.012094  
     369A      4.048736   370A      4.107503   371A      4.114876  
     372A      4.118187   373A      4.129966   374A      4.180489  
     375A      4.217715   376A      4.224895   377A      4.265346  
     378A      4.309890   379A      4.315287   380A      4.327659  
     381A      4.330577   382A      4.351289   383A      4.390760  
     384A      4.456270   385A      4.548678   386A      4.614014  
     387A      4.683255   388A      4.777569   389A      4.792498  

    Final Occupation by Irrep:
              A 
    DOCC [    83 ]
    NA   [    83 ]
    NB   [    83 ]

  @DF-RKS Final Energy: -1001.06462691103104

   => Energetics <=

    Nuclear Repulsion Energy =           1743.1219382959734503
    One-Electron Energy =               -4821.2457655583502856
    Two-Electron Energy =                2192.5370843515488559
    DFT Exchange-Correlation Energy =    -115.4645393442771137
    Empirical Dispersion Energy =           0.0000000000000000
    VV10 Nonlocal Energy =                  0.0000000000000000
    PCM Polarization Energy =              -0.0133446559261467
    Total Energy =                      -1001.0646269110312687

Computation Completed


Properties will be evaluated at   0.000000,   0.000000,   0.000000 [a0]

Properties computed using the SCF density matrix


 Multipole Moments:

 ------------------------------------------------------------------------------------
     Multipole            Electronic (a.u.)      Nuclear  (a.u.)        Total (a.u.)
 ------------------------------------------------------------------------------------

 L = 1.  Multiply by 2.5417464519 to convert [e a0] to [Debye]
 Dipole X            :       -170.8634243          170.8734157            0.0099914
 Dipole Y            :        -52.4488919           51.2291768           -1.2197151
 Dipole Z            :         63.8877536          -62.8003613            1.0873923
 Magnitude           :                                                    1.6340828

 ------------------------------------------------------------------------------------

*** tstop() called on DESKTOP-19Q153E at Mon Jul 20 16:56:35 2026
Module time:
	user time   =        nan seconds =        nan minutes
	system time =        nan seconds =        nan minutes
	total time  =        354 seconds =       5.90 minutes
Total time:
	user time   =        nan seconds =        nan minutes
	system time =        nan seconds =        nan minutes
	total time  =       1167 seconds =      19.45 minutes

******************************************************************************************
**********                               WARNING                                **********
**********       The names of excited state variables changed between 1.5       **********
**********     and 1.6. For a quick solution, remove the symmetry specifier     **********
**********   from the variable name. For full details, see 'Notes on Psivars'   **********
**********                        in the documentation.                         **********
******************************************************************************************



         ---------------------------------------------------------
                         TDSCF excitation energies                
                 by Andrew M. James and Daniel G. A. Smith        
         ---------------------------------------------------------

  ==> Options <==

     Residual threshold  : 1.0000e-04
     Initial guess       : denominators
     Reference           : RHF
     Solver type         : TDA (Davidson)


  ==> Requested Excitations <==

      12 singlet states with A symmetry


  ==> Seeking the lowest 12 singlet states with A symmetry

                         Generalized Davidson Solver                         
                               By Ruhee Dcunha                               

  ==> Options <==

    Max number of iterations        = 60   
    Eigenvector tolerance           = 1.0000e-04
    Max number of expansion vectors = 2400 

  => Iterations <=
                           Max[D[value]]     Max[|R|]   # vectors
  DavidsonSolver iter   1:   2.14729e-01  8.75606e-02     48      
  DavidsonSolver iter   2:   1.05022e-02  1.99415e-02     60      
