
  Memory set to   1.863 GiB by Python driver.
  Threads set to 4 by Python driver.

Scratch directory: C:\Users\ysm04\AppData\Local\Temp/
   => Libint2 <=

    Primary   basis highest AM E, G, H:  7, 6, -
    Auxiliary basis highest AM E, G, H:  7, 7, -
    Onebody   basis highest AM E, G, H:  -, -, -
    Solid Harmonics ordering:            Gaussian

*** tstart() called on DESKTOP-19Q153E
*** at Mon Jul 20 15:29:06 2026

   => Loading Basis Set <=

    Name: STO-3G
    Role: ORBITAL
    Keyword: BASIS
    atoms 1   entry O          line    81 file C:\Users\ysm04\Documents\etc\uv_vis\.mamba\envs\qc\Library\share\psi4\basis\sto-3g.gbs 
    atoms 2-3 entry H          line    19 file C:\Users\ysm04\Documents\etc\uv_vis\.mamba\envs\qc\Library\share\psi4\basis\sto-3g.gbs 

  Using in-core PK algorithm.
   Calculation information:
      Number of atoms:                   3
      Number of AO shells:               5
      Number of primitives:             15
      Number of atomic orbitals:         7
      Number of basis functions:         7

      Integral cutoff                 1.00e-12
      Number of threads:                 4

  Performing in-core PK
  Using 812 doubles for integral storage.
  We computed 187 shell quartets total.
  Whereas there are 120 unique shell quartets.
    55.83 percent of shell quartets recomputed by reordering.


  ==> Pre-Iterations <==

  ==> Iterations <==

                        Total Energy        Delta E     RMS |[F,P]|

   @RKS iter SAD:   -74.89375580422993   -7.48938e+01   0.00000e+00 
   @RKS iter   1:   -75.28643254717208   -3.92677e-01   2.66730e-02 DIIS/ADIIS
   @RKS iter   2:   -75.30097063771142   -1.45381e-02   1.90541e-02 DIIS/ADIIS
   @RKS iter   3:   -75.31246874603076   -1.14981e-02   1.29522e-03 DIIS/ADIIS
   @RKS iter   4:   -75.31252188325075   -5.31372e-05   9.74594e-06 DIIS
   @RKS iter   5:   -75.31252188628332   -3.03257e-09   1.05148e-07 DIIS
  Energy and wave function converged.


  ==> Post-Iterations <==

   Electrons on quadrature grid:
      Ntotal   =   10.0000001759 ; deviation = 1.759e-07 

  @RKS Final Energy:   -75.31252188628332

   => Energetics <=

    Nuclear Repulsion Energy =              9.1895337585934787
    One-Electron Energy =                -122.3543023587108109
    Two-Electron Energy =                  45.4846118269278463
    DFT Exchange-Correlation Energy =      -7.6323651130938428
    Empirical Dispersion Energy =           0.0000000000000000
    VV10 Nonlocal Energy =                  0.0000000000000000
    Total Energy =                        -75.3125218862833208

Computation Completed


Properties will be evaluated at   0.000000,   0.000000,   0.000000 [a0]

Properties computed using the SCF density matrix


 Multipole Moments:

 ------------------------------------------------------------------------------------
     Multipole            Electronic (a.u.)      Nuclear  (a.u.)        Total (a.u.)
 ------------------------------------------------------------------------------------

 L = 1.  Multiply by 2.5417464519 to convert [e a0] to [Debye]
 Dipole X            :         -0.0000000            0.0000000           -0.0000000
 Dipole Y            :         -0.0000000            0.0000000           -0.0000000
 Dipole Z            :         -0.6603610            0.0000000           -0.6603610
 Magnitude           :                                                    0.6603610

 ------------------------------------------------------------------------------------

*** tstop() called on DESKTOP-19Q153E at Mon Jul 20 15:29:10 2026
Module time:
	user time   =        nan seconds =        nan minutes
	system time =        nan seconds =        nan minutes
	total time  =          4 seconds =       0.07 minutes
Total time:
	user time   =        nan seconds =        nan minutes
	system time =        nan seconds =        nan minutes
	total time  =          4 seconds =       0.07 minutes

Scratch directory: C:\Users\ysm04\AppData\Local\Temp/
   => Libint2 <=

    Primary   basis highest AM E, G, H:  7, 6, -
    Auxiliary basis highest AM E, G, H:  7, 7, -
    Onebody   basis highest AM E, G, H:  -, -, -
    Solid Harmonics ordering:            Gaussian

*** tstart() called on DESKTOP-19Q153E
*** at Mon Jul 20 15:29:10 2026

   => Loading Basis Set <=

    Name: STO-3G
    Role: ORBITAL
    Keyword: BASIS
    atoms 1   entry O          line    81 file C:\Users\ysm04\Documents\etc\uv_vis\.mamba\envs\qc\Library\share\psi4\basis\sto-3g.gbs 
    atoms 2-3 entry H          line    19 file C:\Users\ysm04\Documents\etc\uv_vis\.mamba\envs\qc\Library\share\psi4\basis\sto-3g.gbs 

   => B3LYP-D3(BJ): Empirical Dispersion <=

    Grimme's -D3 (BJ-damping) Dispersion Correction
    Grimme S.; Ehrlich S.; Goerigk L. (2011), J. Comput. Chem., 32: 1456

        s6 =       1.000000
        s8 =       1.988900
        a1 =       0.398100
        a2 =       4.421100


Scratch directory: C:\Users\ysm04\AppData\Local\Temp/
   => Libint2 <=

    Primary   basis highest AM E, G, H:  7, 6, -
    Auxiliary basis highest AM E, G, H:  7, 7, -
    Onebody   basis highest AM E, G, H:  -, -, -
    Solid Harmonics ordering:            Gaussian

*** tstart() called on DESKTOP-19Q153E
*** at Mon Jul 20 15:29:11 2026

   => Loading Basis Set <=

    Name: STO-3G
    Role: ORBITAL
    Keyword: BASIS
    atoms 1   entry O          line    81 file C:\Users\ysm04\Documents\etc\uv_vis\.mamba\envs\qc\Library\share\psi4\basis\sto-3g.gbs 
    atoms 2-3 entry H          line    19 file C:\Users\ysm04\Documents\etc\uv_vis\.mamba\envs\qc\Library\share\psi4\basis\sto-3g.gbs 

  Using in-core PK algorithm.
   Calculation information:
      Number of atoms:                   3
      Number of AO shells:               5
      Number of primitives:             15
      Number of atomic orbitals:         7
      Number of basis functions:         7

      Integral cutoff                 1.00e-12
      Number of threads:                 4

  Performing in-core PK
  Using 812 doubles for integral storage.
  We computed 187 shell quartets total.
  Whereas there are 120 unique shell quartets.
    55.83 percent of shell quartets recomputed by reordering.


  ==> Pre-Iterations <==

  ==> Iterations <==

                        Total Energy        Delta E     RMS |[F,P]|

   @RKS iter SAD:   -74.80241075014587   -7.48024e+01   0.00000e+00 
   @RKS iter   1:   -75.21827465801103   -4.15864e-01   2.73897e-02 DIIS/ADIIS
   @RKS iter   2:   -75.23555086668649   -1.72762e-02   1.79929e-02 DIIS/ADIIS
   @RKS iter   3:   -75.24563669733165   -1.00858e-02   1.41054e-03 DIIS/ADIIS
   @RKS iter   4:   -75.24570063494059   -6.39376e-05   1.86639e-05 DIIS
   @RKS iter   5:   -75.24570064532926   -1.03887e-08   6.91645e-07 DIIS
  Energy and wave function converged.


  ==> Post-Iterations <==

   Electrons on quadrature grid:
      Ntotal   =   10.0000001758 ; deviation = 1.758e-07 

  @RKS Final Energy:   -75.24570064532926

   => Energetics <=

    Nuclear Repulsion Energy =              9.1895337585934787
    One-Electron Energy =                -122.3725098935343283
    Two-Electron Energy =                  45.0490906957209987
    DFT Exchange-Correlation Energy =      -7.1118152061094131
    Empirical Dispersion Energy =           0.0000000000000000
    VV10 Nonlocal Energy =                  0.0000000000000000
    Total Energy =                        -75.2457006453292649

Computation Completed


Properties will be evaluated at   0.000000,   0.000000,   0.000000 [a0]

Properties computed using the SCF density matrix


 Multipole Moments:

 ------------------------------------------------------------------------------------
     Multipole            Electronic (a.u.)      Nuclear  (a.u.)        Total (a.u.)
 ------------------------------------------------------------------------------------

 L = 1.  Multiply by 2.5417464519 to convert [e a0] to [Debye]
 Dipole X            :          0.0000000            0.0000000            0.0000000
 Dipole Y            :          0.0000000            0.0000000            0.0000000
 Dipole Z            :         -0.6675949            0.0000000           -0.6675949
 Magnitude           :                                                    0.6675949

 ------------------------------------------------------------------------------------

*** tstop() called on DESKTOP-19Q153E at Mon Jul 20 15:29:11 2026
Module time:
	user time   =        nan seconds =        nan minutes
	system time =        nan seconds =        nan minutes
	total time  =          0 seconds =       0.00 minutes
Total time:
	user time   =        nan seconds =        nan minutes
	system time =        nan seconds =        nan minutes
	total time  =          5 seconds =       0.08 minutes

Scratch directory: C:\Users\ysm04\AppData\Local\Temp/
   => Libint2 <=

    Primary   basis highest AM E, G, H:  7, 6, -
    Auxiliary basis highest AM E, G, H:  7, 7, -
    Onebody   basis highest AM E, G, H:  -, -, -
    Solid Harmonics ordering:            Gaussian

*** tstart() called on DESKTOP-19Q153E
*** at Mon Jul 20 15:29:12 2026

   => Loading Basis Set <=

    Name: STO-3G
    Role: ORBITAL
    Keyword: BASIS
    atoms 1   entry O          line    81 file C:\Users\ysm04\Documents\etc\uv_vis\.mamba\envs\qc\Library\share\psi4\basis\sto-3g.gbs 
    atoms 2-3 entry H          line    19 file C:\Users\ysm04\Documents\etc\uv_vis\.mamba\envs\qc\Library\share\psi4\basis\sto-3g.gbs 

   => PBE0-D3(BJ): Empirical Dispersion <=

    Grimme's -D3 (BJ-damping) Dispersion Correction
    Grimme S.; Ehrlich S.; Goerigk L. (2011), J. Comput. Chem., 32: 1456

        s6 =       1.000000
        s8 =       1.217700
        a1 =       0.414500
        a2 =       4.859300


Scratch directory: C:\Users\ysm04\AppData\Local\Temp/
   => Libint2 <=

    Primary   basis highest AM E, G, H:  7, 6, -
    Auxiliary basis highest AM E, G, H:  7, 7, -
    Onebody   basis highest AM E, G, H:  -, -, -
    Solid Harmonics ordering:            Gaussian

*** tstart() called on DESKTOP-19Q153E
*** at Mon Jul 20 15:29:12 2026

   => Loading Basis Set <=

    Name: STO-3G
    Role: ORBITAL
    Keyword: BASIS
    atoms 1   entry O          line    81 file C:\Users\ysm04\Documents\etc\uv_vis\.mamba\envs\qc\Library\share\psi4\basis\sto-3g.gbs 
    atoms 2-3 entry H          line    19 file C:\Users\ysm04\Documents\etc\uv_vis\.mamba\envs\qc\Library\share\psi4\basis\sto-3g.gbs 

  Using in-core PK algorithm.
   Calculation information:
      Number of atoms:                   3
      Number of AO shells:               5
      Number of primitives:             15
      Number of atomic orbitals:         7
      Number of basis functions:         7

      Integral cutoff                 1.00e-12
      Number of threads:                 4

  Performing in-core PK
  Using 1218 doubles for integral storage.
  We computed 187 shell quartets total.
  Whereas there are 120 unique shell quartets.
    55.83 percent of shell quartets recomputed by reordering.

  Computing range-separated integrals for PK
  We computed 187 wK shell quartets total.
  Whereas there are 120 wK unique shell quartets.
    55.83 percent of shell quartets recomputed by reordering.


  ==> Pre-Iterations <==

  ==> Iterations <==

                        Total Energy        Delta E     RMS |[F,P]|

   @RKS iter SAD:   -74.77284489182665   -7.47728e+01   0.00000e+00 
   @RKS iter   1:   -75.24525324292276   -4.72408e-01   2.99519e-02 DIIS/ADIIS
   @RKS iter   2:   -75.27386241843917   -2.86092e-02   1.40149e-02 DIIS/ADIIS
   @RKS iter   3:   -75.27964584489575   -5.78343e-03   1.16715e-03 DIIS/ADIIS
   @RKS iter   4:   -75.27970040042180   -5.45555e-05   7.11181e-05 DIIS
   @RKS iter   5:   -75.27970066229116   -2.61869e-07   8.95108e-06 DIIS
   @RKS iter   6:   -75.27970066873596   -6.44479e-09   8.47345e-08 DIIS
  Energy and wave function converged.


  ==> Post-Iterations <==

   Electrons on quadrature grid:
      Ntotal   =   10.0000001760 ; deviation = 1.760e-07 

  @RKS Final Energy:   -75.27970066873596

   => Energetics <=

    Nuclear Repulsion Energy =              9.1895337585934787
    One-Electron Energy =                -122.3642001315019030
    Two-Electron Energy =                  44.7837887595638122
    DFT Exchange-Correlation Energy =      -6.8888230553913488
    Empirical Dispersion Energy =           0.0000000000000000
    VV10 Nonlocal Energy =                  0.0000000000000000
    Total Energy =                        -75.2797006687359556

Computation Completed


Properties will be evaluated at   0.000000,   0.000000,   0.000000 [a0]

Properties computed using the SCF density matrix


 Multipole Moments:

 ------------------------------------------------------------------------------------
     Multipole            Electronic (a.u.)      Nuclear  (a.u.)        Total (a.u.)
 ------------------------------------------------------------------------------------

 L = 1.  Multiply by 2.5417464519 to convert [e a0] to [Debye]
 Dipole X            :          0.0000000            0.0000000            0.0000000
 Dipole Y            :          0.0000000            0.0000000            0.0000000
 Dipole Z            :         -0.6701871            0.0000000           -0.6701871
 Magnitude           :                                                    0.6701871

 ------------------------------------------------------------------------------------

*** tstop() called on DESKTOP-19Q153E at Mon Jul 20 15:29:12 2026
Module time:
	user time   =        nan seconds =        nan minutes
	system time =        nan seconds =        nan minutes
	total time  =          0 seconds =       0.00 minutes
Total time:
	user time   =        nan seconds =        nan minutes
	system time =        nan seconds =        nan minutes
	total time  =          6 seconds =       0.10 minutes

Scratch directory: C:\Users\ysm04\AppData\Local\Temp/
   => Libint2 <=

    Primary   basis highest AM E, G, H:  7, 6, -
    Auxiliary basis highest AM E, G, H:  7, 7, -
    Onebody   basis highest AM E, G, H:  -, -, -
    Solid Harmonics ordering:            Gaussian

*** tstart() called on DESKTOP-19Q153E
*** at Mon Jul 20 15:29:12 2026

   => Loading Basis Set <=

    Name: STO-3G
    Role: ORBITAL
    Keyword: BASIS
    atoms 1   entry O          line    81 file C:\Users\ysm04\Documents\etc\uv_vis\.mamba\envs\qc\Library\share\psi4\basis\sto-3g.gbs 
    atoms 2-3 entry H          line    19 file C:\Users\ysm04\Documents\etc\uv_vis\.mamba\envs\qc\Library\share\psi4\basis\sto-3g.gbs 

   => CAM-B3LYP-D3(BJ): Empirical Dispersion <=

    Grimme's -D3 (BJ-damping) Dispersion Correction
    Grimme S.; Ehrlich S.; Goerigk L. (2011), J. Comput. Chem., 32: 1456

        s6 =       1.000000
        s8 =       2.067400
        a1 =       0.370800
        a2 =       5.474300


Scratch directory: C:\Users\ysm04\AppData\Local\Temp/
   => Libint2 <=

    Primary   basis highest AM E, G, H:  7, 6, -
    Auxiliary basis highest AM E, G, H:  7, 7, -
    Onebody   basis highest AM E, G, H:  -, -, -
    Solid Harmonics ordering:            Gaussian

*** tstart() called on DESKTOP-19Q153E
*** at Mon Jul 20 15:29:13 2026

   => Loading Basis Set <=

    Name: STO-3G
    Role: ORBITAL
    Keyword: BASIS
    atoms 1   entry O          line    81 file C:\Users\ysm04\Documents\etc\uv_vis\.mamba\envs\qc\Library\share\psi4\basis\sto-3g.gbs 
    atoms 2-3 entry H          line    19 file C:\Users\ysm04\Documents\etc\uv_vis\.mamba\envs\qc\Library\share\psi4\basis\sto-3g.gbs 

   => WB97X-D: Empirical Dispersion <=

    Chai and Head-Gordon Dispersion Correction
    Chai, J.-D.; Head-Gordon, M. (2010), J. Chem. Phys., 132: 6615-6620

        s6 =       1.000000

  Using in-core PK algorithm.
   Calculation information:
      Number of atoms:                   3
      Number of AO shells:               5
      Number of primitives:             15
      Number of atomic orbitals:         7
      Number of basis functions:         7

      Integral cutoff                 1.00e-12
      Number of threads:                 4

  Performing in-core PK
  Using 1218 doubles for integral storage.
  We computed 187 shell quartets total.
  Whereas there are 120 unique shell quartets.
    55.83 percent of shell quartets recomputed by reordering.

  Computing range-separated integrals for PK
  We computed 187 wK shell quartets total.
  Whereas there are 120 wK unique shell quartets.
    55.83 percent of shell quartets recomputed by reordering.


  ==> Pre-Iterations <==

  ==> Iterations <==

                        Total Energy        Delta E     RMS |[F,P]|

   @RKS iter SAD:   -74.76996546389628   -7.47700e+01   0.00000e+00 
   @RKS iter   1:   -75.26965074833586   -4.99685e-01   3.07726e-02 DIIS/ADIIS
   @RKS iter   2:   -75.30184735939042   -3.21966e-02   1.27915e-02 DIIS/ADIIS
   @RKS iter   3:   -75.30653011868702   -4.68276e-03   1.07196e-03 DIIS/ADIIS
   @RKS iter   4:   -75.30658393391475   -5.38152e-05   9.80041e-05 DIIS
   @RKS iter   5:   -75.30658449169266   -5.57778e-07   1.30862e-05 DIIS
   @RKS iter   6:   -75.30658450618134   -1.44887e-08   2.04423e-07 DIIS
  Energy and wave function converged.


  ==> Post-Iterations <==

   Electrons on quadrature grid:
      Ntotal   =   10.0000001759 ; deviation = 1.759e-07 

  @RKS Final Energy:   -75.30658450618134

   => Energetics <=

    Nuclear Repulsion Energy =              9.1895337585934787
    One-Electron Energy =                -122.3734985921511083
    Two-Electron Energy =                  44.4496863059565257
    DFT Exchange-Correlation Energy =      -6.5722791473783850
    Empirical Dispersion Energy =          -0.0000268312018591
    VV10 Nonlocal Energy =                  0.0000000000000000
    Total Energy =                        -75.3065845061813519

Computation Completed


Properties will be evaluated at   0.000000,   0.000000,   0.000000 [a0]

Properties computed using the SCF density matrix


 Multipole Moments:

 ------------------------------------------------------------------------------------
     Multipole            Electronic (a.u.)      Nuclear  (a.u.)        Total (a.u.)
 ------------------------------------------------------------------------------------

 L = 1.  Multiply by 2.5417464519 to convert [e a0] to [Debye]
 Dipole X            :          0.0000000            0.0000000            0.0000000
 Dipole Y            :         -0.0000000            0.0000000           -0.0000000
 Dipole Z            :         -0.6699933            0.0000000           -0.6699933
 Magnitude           :                                                    0.6699933

 ------------------------------------------------------------------------------------

*** tstop() called on DESKTOP-19Q153E at Mon Jul 20 15:29:13 2026
Module time:
	user time   =        nan seconds =        nan minutes
	system time =        nan seconds =        nan minutes
	total time  =          0 seconds =       0.00 minutes
Total time:
	user time   =        nan seconds =        nan minutes
	system time =        nan seconds =        nan minutes
	total time  =          7 seconds =       0.12 minutes

Scratch directory: C:\Users\ysm04\AppData\Local\Temp/
   => Libint2 <=

    Primary   basis highest AM E, G, H:  7, 6, -
    Auxiliary basis highest AM E, G, H:  7, 7, -
    Onebody   basis highest AM E, G, H:  -, -, -
    Solid Harmonics ordering:            Gaussian

*** tstart() called on DESKTOP-19Q153E
*** at Mon Jul 20 15:29:13 2026

   => Loading Basis Set <=

    Name: STO-3G
    Role: ORBITAL
    Keyword: BASIS
    atoms 1   entry O          line    81 file C:\Users\ysm04\Documents\etc\uv_vis\.mamba\envs\qc\Library\share\psi4\basis\sto-3g.gbs 
    atoms 2-3 entry H          line    19 file C:\Users\ysm04\Documents\etc\uv_vis\.mamba\envs\qc\Library\share\psi4\basis\sto-3g.gbs 

   => WB97X-D3BJ: Empirical Dispersion <=

    Grimme's -D3 (BJ-damping) Dispersion Correction
    Grimme S.; Ehrlich S.; Goerigk L. (2011), J. Comput. Chem., 32: 1456
    Parametrisation from:    A. Najib, L. Goerigk, J. Comput. Theory Chem.,14 5725, 2018

        s6 =       1.000000
        s8 =       0.264100
        a1 =       0.000000
        a2 =       5.495900


Scratch directory: C:\Users\ysm04\AppData\Local\Temp/
   => Libint2 <=

    Primary   basis highest AM E, G, H:  7, 6, -
    Auxiliary basis highest AM E, G, H:  7, 7, -
    Onebody   basis highest AM E, G, H:  -, -, -
    Solid Harmonics ordering:            Gaussian

*** tstart() called on DESKTOP-19Q153E
*** at Mon Jul 20 15:29:14 2026

   => Loading Basis Set <=

    Name: STO-3G
    Role: ORBITAL
    Keyword: BASIS
    atoms 1   entry O          line    81 file C:\Users\ysm04\Documents\etc\uv_vis\.mamba\envs\qc\Library\share\psi4\basis\sto-3g.gbs 
    atoms 2-3 entry H          line    19 file C:\Users\ysm04\Documents\etc\uv_vis\.mamba\envs\qc\Library\share\psi4\basis\sto-3g.gbs 

  Using in-core PK algorithm.
   Calculation information:
      Number of atoms:                   3
      Number of AO shells:               5
      Number of primitives:             15
      Number of atomic orbitals:         7
      Number of basis functions:         7

      Integral cutoff                 1.00e-12
      Number of threads:                 4

  Performing in-core PK
  Using 1218 doubles for integral storage.
  We computed 187 shell quartets total.
  Whereas there are 120 unique shell quartets.
    55.83 percent of shell quartets recomputed by reordering.

  Computing range-separated integrals for PK
  We computed 187 wK shell quartets total.
  Whereas there are 120 wK unique shell quartets.
    55.83 percent of shell quartets recomputed by reordering.


  ==> Pre-Iterations <==

  ==> Iterations <==

                        Total Energy        Delta E     RMS |[F,P]|

   @RKS iter SAD:   -74.73132724514772   -7.47313e+01   0.00000e+00 
   @RKS iter   1:   -75.25984936623730   -5.28522e-01   3.14313e-02 DIIS/ADIIS
   @RKS iter   2:   -75.29525649719073   -3.54071e-02   1.11621e-02 DIIS/ADIIS
   @RKS iter   3:   -75.29876091278162   -3.50442e-03   1.07079e-03 DIIS/ADIIS
   @RKS iter   4:   -75.29882375982803   -6.28470e-05   1.40455e-04 DIIS/ADIIS
   @RKS iter   5:   -75.29882502474035   -1.26491e-06   2.09144e-05 DIIS
   @RKS iter   6:   -75.29882506176904   -3.70287e-08   3.13765e-07 DIIS
  Energy and wave function converged.


  ==> Post-Iterations <==

   Electrons on quadrature grid:
      Ntotal   =   10.0000001760 ; deviation = 1.760e-07 

  @RKS Final Energy:   -75.29882506176904

   => Energetics <=

    Nuclear Repulsion Energy =              9.1895337585934787
    One-Electron Energy =                -122.3341291247731419
    Two-Electron Energy =                  44.4290509100851736
    DFT Exchange-Correlation Energy =      -6.6263230699751503
    Empirical Dispersion Energy =           0.0000000000000000
    VV10 Nonlocal Energy =                  0.0430424643006166
    Total Energy =                        -75.2988250617690085

Computation Completed


Properties will be evaluated at   0.000000,   0.000000,   0.000000 [a0]

Properties computed using the SCF density matrix


 Multipole Moments:

 ------------------------------------------------------------------------------------
     Multipole            Electronic (a.u.)      Nuclear  (a.u.)        Total (a.u.)
 ------------------------------------------------------------------------------------

 L = 1.  Multiply by 2.5417464519 to convert [e a0] to [Debye]
 Dipole X            :          0.0000000            0.0000000            0.0000000
 Dipole Y            :         -0.0000000            0.0000000           -0.0000000
 Dipole Z            :         -0.6591563            0.0000000           -0.6591563
 Magnitude           :                                                    0.6591563

 ------------------------------------------------------------------------------------

*** tstop() called on DESKTOP-19Q153E at Mon Jul 20 15:29:18 2026
Module time:
	user time   =        nan seconds =        nan minutes
	system time =        nan seconds =        nan minutes
	total time  =          4 seconds =       0.07 minutes
Total time:
	user time   =        nan seconds =        nan minutes
	system time =        nan seconds =        nan minutes
	total time  =         12 seconds =       0.20 minutes

Scratch directory: C:\Users\ysm04\AppData\Local\Temp/
   => Libint2 <=

    Primary   basis highest AM E, G, H:  7, 6, -
    Auxiliary basis highest AM E, G, H:  7, 7, -
    Onebody   basis highest AM E, G, H:  -, -, -
    Solid Harmonics ordering:            Gaussian

*** tstart() called on DESKTOP-19Q153E
*** at Mon Jul 20 15:29:18 2026

   => Loading Basis Set <=

    Name: STO-3G
    Role: ORBITAL
    Keyword: BASIS
    atoms 1   entry O          line    81 file C:\Users\ysm04\Documents\etc\uv_vis\.mamba\envs\qc\Library\share\psi4\basis\sto-3g.gbs 
    atoms 2-3 entry H          line    19 file C:\Users\ysm04\Documents\etc\uv_vis\.mamba\envs\qc\Library\share\psi4\basis\sto-3g.gbs 

  Using in-core PK algorithm.
   Calculation information:
      Number of atoms:                   3
      Number of AO shells:               5
      Number of primitives:             15
      Number of atomic orbitals:         7
      Number of basis functions:         7

      Integral cutoff                 1.00e-12
      Number of threads:                 4

  Performing in-core PK
  Using 1218 doubles for integral storage.
  We computed 187 shell quartets total.
  Whereas there are 120 unique shell quartets.
    55.83 percent of shell quartets recomputed by reordering.

  Computing range-separated integrals for PK
  We computed 187 wK shell quartets total.
  Whereas there are 120 wK unique shell quartets.
    55.83 percent of shell quartets recomputed by reordering.


  ==> Pre-Iterations <==

  ==> Iterations <==

                        Total Energy        Delta E     RMS |[F,P]|

   @RKS iter SAD:   -74.74448628906222   -7.47445e+01   0.00000e+00 
   @RKS iter   1:   -75.26975033865723   -5.25264e-01   3.17455e-02 DIIS/ADIIS
   @RKS iter   2:   -75.30604484026553   -3.62945e-02   1.15432e-02 DIIS/ADIIS
   @RKS iter   3:   -75.30981886318855   -3.77402e-03   1.09503e-03 DIIS/ADIIS
   @RKS iter   4:   -75.30988396452314   -6.51013e-05   1.38989e-04 DIIS/ADIIS
   @RKS iter   5:   -75.30988520873652   -1.24421e-06   2.13565e-05 DIIS
   @RKS iter   6:   -75.30988524778449   -3.90480e-08   3.62483e-07 DIIS
  Energy and wave function converged.


  ==> Post-Iterations <==

   Electrons on quadrature grid:
      Ntotal   =   10.0000001760 ; deviation = 1.760e-07 

  @RKS Final Energy:   -75.30988524778449

   => Energetics <=

    Nuclear Repulsion Energy =              9.1895337585934787
    One-Electron Energy =                -122.3402234410985443
    Two-Electron Energy =                  44.5639548286138236
    DFT Exchange-Correlation Energy =      -6.7661938010303277
    Empirical Dispersion Energy =           0.0000000000000000
    VV10 Nonlocal Energy =                  0.0430434071370580
    Total Energy =                        -75.3098852477845071

Computation Completed


Properties will be evaluated at   0.000000,   0.000000,   0.000000 [a0]

Properties computed using the SCF density matrix


 Multipole Moments:

 ------------------------------------------------------------------------------------
     Multipole            Electronic (a.u.)      Nuclear  (a.u.)        Total (a.u.)
 ------------------------------------------------------------------------------------

 L = 1.  Multiply by 2.5417464519 to convert [e a0] to [Debye]
 Dipole X            :          0.0000000            0.0000000            0.0000000
 Dipole Y            :         -0.0000000            0.0000000           -0.0000000
 Dipole Z            :         -0.6548793            0.0000000           -0.6548793
 Magnitude           :                                                    0.6548793

 ------------------------------------------------------------------------------------

*** tstop() called on DESKTOP-19Q153E at Mon Jul 20 15:29:23 2026
Module time:
	user time   =        nan seconds =        nan minutes
	system time =        nan seconds =        nan minutes
	total time  =          5 seconds =       0.08 minutes
Total time:
	user time   =        nan seconds =        nan minutes
	system time =        nan seconds =        nan minutes
	total time  =         17 seconds =       0.28 minutes

Scratch directory: C:\Users\ysm04\AppData\Local\Temp/
   => Libint2 <=

    Primary   basis highest AM E, G, H:  7, 6, -
    Auxiliary basis highest AM E, G, H:  7, 7, -
    Onebody   basis highest AM E, G, H:  -, -, -
    Solid Harmonics ordering:            Gaussian

*** tstart() called on DESKTOP-19Q153E
*** at Mon Jul 20 15:29:24 2026

   => Loading Basis Set <=

    Name: STO-3G
    Role: ORBITAL
    Keyword: BASIS
    atoms 1   entry O          line    81 file C:\Users\ysm04\Documents\etc\uv_vis\.mamba\envs\qc\Library\share\psi4\basis\sto-3g.gbs 
    atoms 2-3 entry H          line    19 file C:\Users\ysm04\Documents\etc\uv_vis\.mamba\envs\qc\Library\share\psi4\basis\sto-3g.gbs 

  Using in-core PK algorithm.
   Calculation information:
      Number of atoms:                   3
      Number of AO shells:               5
      Number of primitives:             15
      Number of atomic orbitals:         7
      Number of basis functions:         7

      Integral cutoff                 1.00e-12
      Number of threads:                 4

  Performing in-core PK
  Using 812 doubles for integral storage.
  We computed 187 shell quartets total.
  Whereas there are 120 unique shell quartets.
    55.83 percent of shell quartets recomputed by reordering.


  ==> Pre-Iterations <==

  ==> Iterations <==

                        Total Energy        Delta E     RMS |[F,P]|

   @RKS iter SAD:   -74.78890143739585   -7.47889e+01   0.00000e+00 
   @RKS iter   1:   -75.27766128948157   -4.88760e-01   3.02862e-02 DIIS/ADIIS
   @RKS iter   2:   -75.30780304005789   -3.01418e-02   1.28455e-02 DIIS/ADIIS
   @RKS iter   3:   -75.31274698438347   -4.94394e-03   9.47039e-04 DIIS/ADIIS
   @RKS iter   4:   -75.31278636027545   -3.93759e-05   7.11432e-05 DIIS
   @RKS iter   5:   -75.31278662842101   -2.68146e-07   1.01387e-05 DIIS
   @RKS iter   6:   -75.31278663662285   -8.20184e-09   1.02263e-07 DIIS
  Energy and wave function converged.


  ==> Post-Iterations <==

   Electrons on quadrature grid:
      Ntotal   =   10.0000001762 ; deviation = 1.762e-07 

  @RKS Final Energy:   -75.31278663662285

   => Energetics <=

    Nuclear Repulsion Energy =              9.1895337585934787
    One-Electron Energy =                -122.3720568718990052
    Two-Electron Energy =                  42.4080149756987623
    DFT Exchange-Correlation Energy =      -4.5382784990160934
    Empirical Dispersion Energy =           0.0000000000000000
    VV10 Nonlocal Energy =                  0.0000000000000000
    Total Energy =                        -75.3127866366228460

Computation Completed


Properties will be evaluated at   0.000000,   0.000000,   0.000000 [a0]

Properties computed using the SCF density matrix


 Multipole Moments:

 ------------------------------------------------------------------------------------
     Multipole            Electronic (a.u.)      Nuclear  (a.u.)        Total (a.u.)
 ------------------------------------------------------------------------------------

 L = 1.  Multiply by 2.5417464519 to convert [e a0] to [Debye]
 Dipole X            :          0.0000000            0.0000000            0.0000000
 Dipole Y            :          0.0000000            0.0000000            0.0000000
 Dipole Z            :         -0.6742218            0.0000000           -0.6742218
 Magnitude           :                                                    0.6742218

 ------------------------------------------------------------------------------------

*** tstop() called on DESKTOP-19Q153E at Mon Jul 20 15:29:24 2026
Module time:
	user time   =        nan seconds =        nan minutes
	system time =        nan seconds =        nan minutes
	total time  =          0 seconds =       0.00 minutes
Total time:
	user time   =        nan seconds =        nan minutes
	system time =        nan seconds =        nan minutes
	total time  =         18 seconds =       0.30 minutes

Scratch directory: C:\Users\ysm04\AppData\Local\Temp/
   => Libint2 <=

    Primary   basis highest AM E, G, H:  7, 6, -
    Auxiliary basis highest AM E, G, H:  7, 7, -
    Onebody   basis highest AM E, G, H:  -, -, -
    Solid Harmonics ordering:            Gaussian

*** tstart() called on DESKTOP-19Q153E
*** at Mon Jul 20 15:29:24 2026

   => Loading Basis Set <=

    Name: STO-3G
    Role: ORBITAL
    Keyword: BASIS
    atoms 1   entry O          line    81 file C:\Users\ysm04\Documents\etc\uv_vis\.mamba\envs\qc\Library\share\psi4\basis\sto-3g.gbs 
    atoms 2-3 entry H          line    19 file C:\Users\ysm04\Documents\etc\uv_vis\.mamba\envs\qc\Library\share\psi4\basis\sto-3g.gbs 

  Using in-core PK algorithm.
   Calculation information:
      Number of atoms:                   3
      Number of AO shells:               5
      Number of primitives:             15
      Number of atomic orbitals:         7
      Number of basis functions:         7

      Integral cutoff                 1.00e-12
      Number of threads:                 4

  Performing in-core PK
  Using 812 doubles for integral storage.
  We computed 187 shell quartets total.
  Whereas there are 120 unique shell quartets.
    55.83 percent of shell quartets recomputed by reordering.


  ==> Pre-Iterations <==

  ==> Iterations <==

                        Total Energy        Delta E     RMS |[F,P]|

   @RKS iter SAD:   -74.74927864711699   -7.47493e+01   0.00000e+00 
   @RKS iter   1:   -75.25346439916694   -5.04186e-01   3.09541e-02 DIIS/ADIIS
   @RKS iter   2:   -75.28495550293508   -3.14911e-02   1.25387e-02 DIIS/ADIIS
   @RKS iter   3:   -75.28968219971887   -4.72670e-03   8.19566e-04 DIIS/ADIIS
   @RKS iter   4:   -75.28971021435073   -2.80146e-05   4.29463e-05 DIIS
   @RKS iter   5:   -75.28971030361664   -8.92659e-08   6.70086e-06 DIIS
   @RKS iter   6:   -75.28971030711637   -3.49972e-09   7.00775e-08 DIIS
  Energy and wave function converged.


  ==> Post-Iterations <==

   Electrons on quadrature grid:
      Ntotal   =   10.0000001761 ; deviation = 1.761e-07 

  @RKS Final Energy:   -75.28971030711637

   => Energetics <=

    Nuclear Repulsion Energy =              9.1895337585934787
    One-Electron Energy =                -122.3776563060867204
    Two-Electron Energy =                  42.7781039841255719
    DFT Exchange-Correlation Energy =      -4.8796917437486957
    Empirical Dispersion Energy =           0.0000000000000000
    VV10 Nonlocal Energy =                  0.0000000000000000
    Total Energy =                        -75.2897103071163514

Computation Completed


Properties will be evaluated at   0.000000,   0.000000,   0.000000 [a0]

Properties computed using the SCF density matrix


 Multipole Moments:

 ------------------------------------------------------------------------------------
     Multipole            Electronic (a.u.)      Nuclear  (a.u.)        Total (a.u.)
 ------------------------------------------------------------------------------------

 L = 1.  Multiply by 2.5417464519 to convert [e a0] to [Debye]
 Dipole X            :          0.0000000            0.0000000            0.0000000
 Dipole Y            :         -0.0000000            0.0000000           -0.0000000
 Dipole Z            :         -0.6748909            0.0000000           -0.6748909
 Magnitude           :                                                    0.6748909

 ------------------------------------------------------------------------------------

*** tstop() called on DESKTOP-19Q153E at Mon Jul 20 15:29:25 2026
Module time:
	user time   =        nan seconds =        nan minutes
	system time =        nan seconds =        nan minutes
	total time  =          1 seconds =       0.02 minutes
Total time:
	user time   =        nan seconds =        nan minutes
	system time =        nan seconds =        nan minutes
	total time  =         19 seconds =       0.32 minutes

Scratch directory: C:\Users\ysm04\AppData\Local\Temp/
   => Libint2 <=

    Primary   basis highest AM E, G, H:  7, 6, -
    Auxiliary basis highest AM E, G, H:  7, 7, -
    Onebody   basis highest AM E, G, H:  -, -, -
    Solid Harmonics ordering:            Gaussian

*** tstart() called on DESKTOP-19Q153E
*** at Mon Jul 20 15:29:25 2026

   => Loading Basis Set <=

    Name: STO-3G
    Role: ORBITAL
    Keyword: BASIS
    atoms 1   entry O          line    81 file C:\Users\ysm04\Documents\etc\uv_vis\.mamba\envs\qc\Library\share\psi4\basis\sto-3g.gbs 
    atoms 2-3 entry H          line    19 file C:\Users\ysm04\Documents\etc\uv_vis\.mamba\envs\qc\Library\share\psi4\basis\sto-3g.gbs 

  Using in-core PK algorithm.
   Calculation information:
      Number of atoms:                   3
      Number of AO shells:               5
      Number of primitives:             15
      Number of atomic orbitals:         7
      Number of basis functions:         7

      Integral cutoff                 1.00e-12
      Number of threads:                 4

  Performing in-core PK
  Using 1218 doubles for integral storage.
  We computed 187 shell quartets total.
  Whereas there are 120 unique shell quartets.
    55.83 percent of shell quartets recomputed by reordering.

  Computing range-separated integrals for PK
  We computed 187 wK shell quartets total.
  Whereas there are 120 wK unique shell quartets.
    55.83 percent of shell quartets recomputed by reordering.


  ==> Pre-Iterations <==

  ==> Iterations <==

                        Total Energy        Delta E     RMS |[F,P]|

   @RKS iter SAD:   -74.72230730717887   -7.47223e+01   0.00000e+00 
   @RKS iter   1:   -75.21714671287992   -4.94839e-01   3.05582e-02 DIIS/ADIIS
   @RKS iter   2:   -75.24835465854795   -3.12079e-02   1.31204e-02 DIIS/ADIIS
   @RKS iter   3:   -75.25330263119322   -4.94797e-03   1.10827e-03 DIIS/ADIIS
   @RKS iter   4:   -75.25335863778272   -5.60066e-05   9.96290e-05 DIIS
   @RKS iter   5:   -75.25335919944696   -5.61664e-07   1.31656e-05 DIIS
   @RKS iter   6:   -75.25335921373481   -1.42878e-08   1.59042e-07 DIIS
  Energy and wave function converged.


  ==> Post-Iterations <==

   Electrons on quadrature grid:
      Ntotal   =   10.0000001759 ; deviation = 1.759e-07 

  @RKS Final Energy:   -75.25335921373481

   => Energetics <=

    Nuclear Repulsion Energy =              9.1895337585934787
    One-Electron Energy =                -122.3698988365307230
    Two-Electron Energy =                  44.6221305842719218
    DFT Exchange-Correlation Energy =      -6.6951247200695034
    Empirical Dispersion Energy =           0.0000000000000000
    VV10 Nonlocal Energy =                  0.0000000000000000
    Total Energy =                        -75.2533592137348109

Computation Completed


Properties will be evaluated at   0.000000,   0.000000,   0.000000 [a0]

Properties computed using the SCF density matrix


 Multipole Moments:

 ------------------------------------------------------------------------------------
     Multipole            Electronic (a.u.)      Nuclear  (a.u.)        Total (a.u.)
 ------------------------------------------------------------------------------------

 L = 1.  Multiply by 2.5417464519 to convert [e a0] to [Debye]
 Dipole X            :          0.0000000            0.0000000            0.0000000
 Dipole Y            :          0.0000000            0.0000000            0.0000000
 Dipole Z            :         -0.6690957            0.0000000           -0.6690957
 Magnitude           :                                                    0.6690957

 ------------------------------------------------------------------------------------

*** tstop() called on DESKTOP-19Q153E at Mon Jul 20 15:29:26 2026
Module time:
	user time   =        nan seconds =        nan minutes
	system time =        nan seconds =        nan minutes
	total time  =          1 seconds =       0.02 minutes
Total time:
	user time   =        nan seconds =        nan minutes
	system time =        nan seconds =        nan minutes
	total time  =         20 seconds =       0.33 minutes

Scratch directory: C:\Users\ysm04\AppData\Local\Temp/
   => Libint2 <=

    Primary   basis highest AM E, G, H:  7, 6, -
    Auxiliary basis highest AM E, G, H:  7, 7, -
    Onebody   basis highest AM E, G, H:  -, -, -
    Solid Harmonics ordering:            Gaussian

*** tstart() called on DESKTOP-19Q153E
*** at Mon Jul 20 15:29:26 2026

   => Loading Basis Set <=

    Name: STO-3G
    Role: ORBITAL
    Keyword: BASIS
    atoms 1   entry O          line    81 file C:\Users\ysm04\Documents\etc\uv_vis\.mamba\envs\qc\Library\share\psi4\basis\sto-3g.gbs 
    atoms 2-3 entry H          line    19 file C:\Users\ysm04\Documents\etc\uv_vis\.mamba\envs\qc\Library\share\psi4\basis\sto-3g.gbs 

  Using in-core PK algorithm.
   Calculation information:
      Number of atoms:                   3
      Number of AO shells:               5
      Number of primitives:             15
      Number of atomic orbitals:         7
      Number of basis functions:         7

      Integral cutoff                 1.00e-12
      Number of threads:                 4

  Performing in-core PK
  Using 1218 doubles for integral storage.
  We computed 187 shell quartets total.
  Whereas there are 120 unique shell quartets.
    55.83 percent of shell quartets recomputed by reordering.

  Computing range-separated integrals for PK
  We computed 187 wK shell quartets total.
  Whereas there are 120 wK unique shell quartets.
    55.83 percent of shell quartets recomputed by reordering.


  ==> Pre-Iterations <==

  ==> Iterations <==

                        Total Energy        Delta E     RMS |[F,P]|

   @RKS iter SAD:   -74.82764737656348   -7.48276e+01   0.00000e+00 
   @RKS iter   1:   -75.22542739003877   -3.97780e-01   2.66127e-02 DIIS/ADIIS
   @RKS iter   2:   -75.23932543202264   -1.38980e-02   1.91238e-02 DIIS/ADIIS
   @RKS iter   3:   -75.25090706474103   -1.15816e-02   1.20315e-03 DIIS/ADIIS
   @RKS iter   4:   -75.25095279175851   -4.57270e-05   6.59160e-06 DIIS
   @RKS iter   5:   -75.25095279322295   -1.46444e-09   1.11365e-07 DIIS
  Energy and wave function converged.


  ==> Post-Iterations <==

   Electrons on quadrature grid:
      Ntotal   =   10.0000001758 ; deviation = 1.758e-07 

  @RKS Final Energy:   -75.25095279322295

   => Energetics <=

    Nuclear Repulsion Energy =              9.1895337585934787
    One-Electron Energy =                -122.3704009738149239
    Two-Electron Energy =                  45.2006854926646611
    DFT Exchange-Correlation Energy =      -7.2707710706661759
    Empirical Dispersion Energy =           0.0000000000000000
    VV10 Nonlocal Energy =                  0.0000000000000000
    Total Energy =                        -75.2509527932229503

Computation Completed


Properties will be evaluated at   0.000000,   0.000000,   0.000000 [a0]

Properties computed using the SCF density matrix


 Multipole Moments:

 ------------------------------------------------------------------------------------
     Multipole            Electronic (a.u.)      Nuclear  (a.u.)        Total (a.u.)
 ------------------------------------------------------------------------------------

 L = 1.  Multiply by 2.5417464519 to convert [e a0] to [Debye]
 Dipole X            :          0.0000000            0.0000000            0.0000000
 Dipole Y            :          0.0000000            0.0000000            0.0000000
 Dipole Z            :         -0.6666644            0.0000000           -0.6666644
 Magnitude           :                                                    0.6666644

 ------------------------------------------------------------------------------------

*** tstop() called on DESKTOP-19Q153E at Mon Jul 20 15:29:27 2026
Module time:
	user time   =        nan seconds =        nan minutes
	system time =        nan seconds =        nan minutes
	total time  =          1 seconds =       0.02 minutes
Total time:
	user time   =        nan seconds =        nan minutes
	system time =        nan seconds =        nan minutes
	total time  =         21 seconds =       0.35 minutes
   => Loading Basis Set <=

    Name: 6-31G(D)
    Role: ORBITAL
    Keyword: BASIS
    atoms 1-11, 13-14, 16-19, 21-23 entry C          line   111 file C:\Users\ysm04\Documents\etc\uv_vis\.mamba\envs\qc\Library\share\psi4\basis\6-31g_d_.gbs 
    atoms 12, 15, 20                entry O          line   145 file C:\Users\ysm04\Documents\etc\uv_vis\.mamba\envs\qc\Library\share\psi4\basis\6-31g_d_.gbs 
    atoms 24-45                     entry H          line    44 file C:\Users\ysm04\Documents\etc\uv_vis\.mamba\envs\qc\Library\share\psi4\basis\6-31g_d_.gbs 

   => Loading Basis Set <=

    Name: 6-31+G(D)
    Role: ORBITAL
    Keyword: BASIS
    atoms 1-11, 13-14, 16-19, 21-23 entry C          line   119 file C:\Users\ysm04\Documents\etc\uv_vis\.mamba\envs\qc\Library\share\psi4\basis\6-31pg_d_.gbs 
    atoms 12, 15, 20                entry O          line   157 file C:\Users\ysm04\Documents\etc\uv_vis\.mamba\envs\qc\Library\share\psi4\basis\6-31pg_d_.gbs 
    atoms 24-45                     entry H          line    46 file C:\Users\ysm04\Documents\etc\uv_vis\.mamba\envs\qc\Library\share\psi4\basis\6-31pg_d_.gbs 

   => Loading Basis Set <=

    Name: 6-311G(D,P)
    Role: ORBITAL
    Keyword: BASIS
    atoms 1-11, 13-14, 16-19, 21-23 entry C          line   113 file C:\Users\ysm04\Documents\etc\uv_vis\.mamba\envs\qc\Library\share\psi4\basis\6-311g_d_p_.gbs 
    atoms 12, 15, 20                entry O          line   151 file C:\Users\ysm04\Documents\etc\uv_vis\.mamba\envs\qc\Library\share\psi4\basis\6-311g_d_p_.gbs 
    atoms 24-45                     entry H          line    32 file C:\Users\ysm04\Documents\etc\uv_vis\.mamba\envs\qc\Library\share\psi4\basis\6-311g_d_p_.gbs 

   => Loading Basis Set <=

    Name: DEF2-SVP
    Role: ORBITAL
    Keyword: BASIS
    atoms 1-11, 13-14, 16-19, 21-23 entry C          line    90 file C:\Users\ysm04\Documents\etc\uv_vis\.mamba\envs\qc\Library\share\psi4\basis\def2-svp.gbs 
    atoms 12, 15, 20                entry O          line   130 file C:\Users\ysm04\Documents\etc\uv_vis\.mamba\envs\qc\Library\share\psi4\basis\def2-svp.gbs 
    atoms 24-45                     entry H          line    15 file C:\Users\ysm04\Documents\etc\uv_vis\.mamba\envs\qc\Library\share\psi4\basis\def2-svp.gbs 

   => Loading Basis Set <=

    Name: DEF2-SVPD
    Role: ORBITAL
    Keyword: BASIS
    atoms 1-11, 13-14, 16-19, 21-23 entry C          line   101 file C:\Users\ysm04\Documents\etc\uv_vis\.mamba\envs\qc\Library\share\psi4\basis\def2-svpd.gbs 
    atoms 12, 15, 20                entry O          line   149 file C:\Users\ysm04\Documents\etc\uv_vis\.mamba\envs\qc\Library\share\psi4\basis\def2-svpd.gbs 
    atoms 24-45                     entry H          line    14 file C:\Users\ysm04\Documents\etc\uv_vis\.mamba\envs\qc\Library\share\psi4\basis\def2-svpd.gbs 

   => Loading Basis Set <=

    Name: DEF2-TZVP
    Role: ORBITAL
    Keyword: BASIS
    atoms 1-11, 13-14, 16-19, 21-23 entry C          line   123 file C:\Users\ysm04\Documents\etc\uv_vis\.mamba\envs\qc\Library\share\psi4\basis\def2-tzvp.gbs 
    atoms 12, 15, 20                entry O          line   189 file C:\Users\ysm04\Documents\etc\uv_vis\.mamba\envs\qc\Library\share\psi4\basis\def2-tzvp.gbs 
    atoms 24-45                     entry H          line    15 file C:\Users\ysm04\Documents\etc\uv_vis\.mamba\envs\qc\Library\share\psi4\basis\def2-tzvp.gbs 

   => Loading Basis Set <=

    Name: DEF2-TZVPD
    Role: ORBITAL
    Keyword: BASIS
    atoms 1-11, 13-14, 16-19, 21-23 entry C          line   134 file C:\Users\ysm04\Documents\etc\uv_vis\.mamba\envs\qc\Library\share\psi4\basis\def2-tzvpd.gbs 
    atoms 12, 15, 20                entry O          line   208 file C:\Users\ysm04\Documents\etc\uv_vis\.mamba\envs\qc\Library\share\psi4\basis\def2-tzvpd.gbs 
    atoms 24-45                     entry H          line    14 file C:\Users\ysm04\Documents\etc\uv_vis\.mamba\envs\qc\Library\share\psi4\basis\def2-tzvpd.gbs 


Scratch directory: C:\Users\ysm04\AppData\Local\Temp/
   => Libint2 <=

    Primary   basis highest AM E, G, H:  7, 6, -
    Auxiliary basis highest AM E, G, H:  7, 7, -
    Onebody   basis highest AM E, G, H:  -, -, -
    Solid Harmonics ordering:            Gaussian

*** tstart() called on DESKTOP-19Q153E
*** at Mon Jul 20 15:29:30 2026

   => Loading Basis Set <=

    Name: STO-3G
    Role: ORBITAL
    Keyword: BASIS
    atoms 1   entry O          line    81 file C:\Users\ysm04\Documents\etc\uv_vis\.mamba\envs\qc\Library\share\psi4\basis\sto-3g.gbs 
    atoms 2-3 entry H          line    19 file C:\Users\ysm04\Documents\etc\uv_vis\.mamba\envs\qc\Library\share\psi4\basis\sto-3g.gbs 

  Using in-core PK algorithm.
   Calculation information:
      Number of atoms:                   3
      Number of AO shells:               5
      Number of primitives:             15
      Number of atomic orbitals:         7
      Number of basis functions:         7

      Integral cutoff                 1.00e-12
      Number of threads:                 4

  Performing in-core PK
  Using 812 doubles for integral storage.
  We computed 187 shell quartets total.
  Whereas there are 120 unique shell quartets.
    55.83 percent of shell quartets recomputed by reordering.


  ==> Pre-Iterations <==

  ==> Iterations <==

                        Total Energy        Delta E     RMS |[F,P]|

   @RKS iter SAD:   -74.89375580423001   -7.48938e+01   0.00000e+00 
   @RKS iter   1:   -75.28643254717207   -3.92677e-01   2.66730e-02 DIIS/ADIIS
   @RKS iter   2:   -75.30097063771142   -1.45381e-02   1.90541e-02 DIIS/ADIIS
   @RKS iter   3:   -75.31246874603073   -1.14981e-02   1.29522e-03 DIIS/ADIIS
   @RKS iter   4:   -75.31252188325065   -5.31372e-05   9.74594e-06 DIIS
   @RKS iter   5:   -75.31252188628332   -3.03267e-09   1.05148e-07 DIIS
  Energy and wave function converged.


  ==> Post-Iterations <==

   Electrons on quadrature grid:
      Ntotal   =   10.0000001759 ; deviation = 1.759e-07 

  @RKS Final Energy:   -75.31252188628332

   => Energetics <=

    Nuclear Repulsion Energy =              9.1895337585934787
    One-Electron Energy =                -122.3543023587107967
    Two-Electron Energy =                  45.4846118269278321
    DFT Exchange-Correlation Energy =      -7.6323651130938410
    Empirical Dispersion Energy =           0.0000000000000000
    VV10 Nonlocal Energy =                  0.0000000000000000
    Total Energy =                        -75.3125218862833208

Computation Completed


Properties will be evaluated at   0.000000,   0.000000,   0.000000 [a0]

Properties computed using the SCF density matrix


 Multipole Moments:

 ------------------------------------------------------------------------------------
     Multipole            Electronic (a.u.)      Nuclear  (a.u.)        Total (a.u.)
 ------------------------------------------------------------------------------------

 L = 1.  Multiply by 2.5417464519 to convert [e a0] to [Debye]
 Dipole X            :          0.0000000            0.0000000            0.0000000
 Dipole Y            :          0.0000000            0.0000000            0.0000000
 Dipole Z            :         -0.6603610            0.0000000           -0.6603610
 Magnitude           :                                                    0.6603610

 ------------------------------------------------------------------------------------

*** tstop() called on DESKTOP-19Q153E at Mon Jul 20 15:29:30 2026
Module time:
	user time   =        nan seconds =        nan minutes
	system time =        nan seconds =        nan minutes
	total time  =          0 seconds =       0.00 minutes
Total time:
	user time   =        nan seconds =        nan minutes
	system time =        nan seconds =        nan minutes
	total time  =         24 seconds =       0.40 minutes

******************************************************************************************
**********                               WARNING                                **********
**********       The names of excited state variables changed between 1.5       **********
**********     and 1.6. For a quick solution, remove the symmetry specifier     **********
**********   from the variable name. For full details, see 'Notes on Psivars'   **********
**********                        in the documentation.                         **********
******************************************************************************************



         ---------------------------------------------------------
                         TDSCF excitation energies                
                 by Andrew M. James and Daniel G. A. Smith        
         ---------------------------------------------------------

  ==> Options <==

     Residual threshold  : 1.0000e-04
     Initial guess       : denominators
     Reference           : RHF
     Solver type         : TDA (Davidson)


  ==> Requested Excitations <==

      3 singlet states with A symmetry


  ==> Seeking the lowest 3 singlet states with A symmetry

                         Generalized Davidson Solver                         
                               By Ruhee Dcunha                               

  ==> Options <==

    Max number of iterations        = 60   
    Eigenvector tolerance           = 1.0000e-04
    Max number of expansion vectors = 600  

  => Iterations <=
                           Max[D[value]]     Max[|R|]   # vectors
  DavidsonSolver iter   1:   5.38302e-01  5.88984e-15     10      Converged

******************************************************************************************
**********                               WARNING                                **********
**********  Length-gauge rotatory strengths are **NOT** gauge-origin invariant  **********
******************************************************************************************

                                    Excitation Energy         Total Energy        Oscillator Strength             Rotatory Strength       
     #   Sym: GS->ES (Trans)        au              eV              au          au (length)    au (velocity)    au (length)    au (velocity) 
    ---- -------------------- --------------- --------------- --------------- --------------- --------------- --------------- ---------------
     1        A->A (1 A)       0.43047         11.71369       -74.88205        0.0026          0.0261         -0.0000         -0.0000        
     2        A->A (1 A)       0.51361         13.97604       -74.79891        0.0000          0.0000          0.0000          0.0000        
     3        A->A (1 A)       0.53830         14.64793       -74.77422        0.0754          0.1308         -0.0000         -0.0000        



Contributing excitations
Only contributions with abs(coeff) > 1.00e-01 will be printed:

Excited State    1 (1 A):   0.43047 au   105.85 nm f = 0.0026
  Sums of squares: Xssq =  1.000000e+00
      5a  ->   6a     1.000000 (100.000%)

Excited State    2 (1 A):   0.51361 au   88.71 nm f = 0.0000
  Sums of squares: Xssq =  1.000000e+00
      5a  ->   7a     1.000000 (100.000%)

Excited State    3 (1 A):   0.53830 au   84.64 nm f = 0.0754
  Sums of squares: Xssq =  1.000000e+00
      3a  ->   7a    -0.221706 ( 4.915%)
      4a  ->   6a    -0.973042 (94.681%)


******************************************************************************************
**********                               WARNING                                **********
**********       The names of excited state variables changed between 1.5       **********
**********     and 1.6. For a quick solution, remove the symmetry specifier     **********
**********   from the variable name. For full details, see 'Notes on Psivars'   **********
**********                        in the documentation.                         **********
******************************************************************************************


Scratch directory: C:\Users\ysm04\AppData\Local\Temp/
   => Libint2 <=

    Primary   basis highest AM E, G, H:  7, 6, -
    Auxiliary basis highest AM E, G, H:  7, 7, -
    Onebody   basis highest AM E, G, H:  -, -, -
    Solid Harmonics ordering:            Gaussian

*** tstart() called on DESKTOP-19Q153E
*** at Mon Jul 20 15:29:31 2026

   => Loading Basis Set <=

    Name: STO-3G
    Role: ORBITAL
    Keyword: BASIS
    atoms 1   entry O          line    81 file C:\Users\ysm04\Documents\etc\uv_vis\.mamba\envs\qc\Library\share\psi4\basis\sto-3g.gbs 
    atoms 2-3 entry H          line    19 file C:\Users\ysm04\Documents\etc\uv_vis\.mamba\envs\qc\Library\share\psi4\basis\sto-3g.gbs 

  Using in-core PK algorithm.
   Calculation information:
      Number of atoms:                   3
      Number of AO shells:               5
      Number of primitives:             15
      Number of atomic orbitals:         7
      Number of basis functions:         7

      Integral cutoff                 1.00e-12
      Number of threads:                 4

  Performing in-core PK
  Using 812 doubles for integral storage.
  We computed 187 shell quartets total.
  Whereas there are 120 unique shell quartets.
    55.83 percent of shell quartets recomputed by reordering.


  ==> Pre-Iterations <==

  ==> Iterations <==

                        Total Energy        Delta E     RMS |[F,P]|

   @RKS iter SAD:   -74.89375580422993   -7.48938e+01   0.00000e+00 
   @RKS iter   1:   -75.28643254717207   -3.92677e-01   2.66730e-02 DIIS/ADIIS
   @RKS iter   2:   -75.30097063771143   -1.45381e-02   1.90541e-02 DIIS/ADIIS
   @RKS iter   3:   -75.31246874603065   -1.14981e-02   1.29522e-03 DIIS/ADIIS
   @RKS iter   4:   -75.31252188325074   -5.31372e-05   9.74594e-06 DIIS
   @RKS iter   5:   -75.31252188628336   -3.03262e-09   1.05148e-07 DIIS
  Energy and wave function converged.


  ==> Post-Iterations <==

   Electrons on quadrature grid:
      Ntotal   =   10.0000001759 ; deviation = 1.759e-07 

  @RKS Final Energy:   -75.31252188628336

   => Energetics <=

    Nuclear Repulsion Energy =              9.1895337585934787
    One-Electron Energy =                -122.3543023587109104
    Two-Electron Energy =                  45.4846118269279032
    DFT Exchange-Correlation Energy =      -7.6323651130938508
    Empirical Dispersion Energy =           0.0000000000000000
    VV10 Nonlocal Energy =                  0.0000000000000000
    Total Energy =                        -75.3125218862833776

Computation Completed


Properties will be evaluated at   0.000000,   0.000000,   0.000000 [a0]

Properties computed using the SCF density matrix


 Multipole Moments:

 ------------------------------------------------------------------------------------
     Multipole            Electronic (a.u.)      Nuclear  (a.u.)        Total (a.u.)
 ------------------------------------------------------------------------------------

 L = 1.  Multiply by 2.5417464519 to convert [e a0] to [Debye]
 Dipole X            :          0.0000000            0.0000000            0.0000000
 Dipole Y            :          0.0000000            0.0000000            0.0000000
 Dipole Z            :         -0.6603610            0.0000000           -0.6603610
 Magnitude           :                                                    0.6603610

 ------------------------------------------------------------------------------------

*** tstop() called on DESKTOP-19Q153E at Mon Jul 20 15:29:31 2026
Module time:
	user time   =        nan seconds =        nan minutes
	system time =        nan seconds =        nan minutes
	total time  =          0 seconds =       0.00 minutes
Total time:
	user time   =        nan seconds =        nan minutes
	system time =        nan seconds =        nan minutes
	total time  =         25 seconds =       0.42 minutes

******************************************************************************************
**********                               WARNING                                **********
**********       The names of excited state variables changed between 1.5       **********
**********     and 1.6. For a quick solution, remove the symmetry specifier     **********
**********   from the variable name. For full details, see 'Notes on Psivars'   **********
**********                        in the documentation.                         **********
******************************************************************************************



         ---------------------------------------------------------
                         TDSCF excitation energies                
                 by Andrew M. James and Daniel G. A. Smith        
         ---------------------------------------------------------

  ==> Options <==

     Residual threshold  : 1.0000e-04
     Initial guess       : denominators
     Reference           : RHF
     Solver type         : RPA (Hamiltonian)


  ==> Requested Excitations <==

      3 singlet states with A symmetry


  ==> Seeking the lowest 3 singlet states with A symmetry

                        Generalized Hamiltonian Solver                       
                              By Andrew M. James                             

  ==> Options <==

    Max number of iterations        = 60   
    Eigenvector tolerance           = 1.0000e-04
    Max number of expansion vectors = 600  

  => Iterations <=
                              Max[D[value]]     Max[|R|]   # vectors
  HamiltonianSolver iter   1:   5.33132e-01  1.22052e-12     10      Converged

******************************************************************************************
**********                               WARNING                                **********
**********  Length-gauge rotatory strengths are **NOT** gauge-origin invariant  **********
******************************************************************************************

                                    Excitation Energy         Total Energy        Oscillator Strength             Rotatory Strength       
     #   Sym: GS->ES (Trans)        au              eV              au          au (length)    au (velocity)    au (length)    au (velocity) 
    ---- -------------------- --------------- --------------- --------------- --------------- --------------- --------------- ---------------
     1        A->A (1 A)       0.42848         11.65965       -74.88404        0.0023          0.0288         -0.0000         -0.0000        
     2        A->A (1 A)       0.51330         13.96752       -74.79923        0.0000          0.0000         -0.0000         -0.0000        
     3        A->A (1 A)       0.53313         14.50727       -74.77939        0.0639          0.1908          0.0000          0.0000        



Contributing excitations and de-excitations
Only contributions with abs(coeff) > 1.00e-01 will be printed:

Excited State    1 (1 A):   0.42848 au   106.34 nm f = 0.0023
  Sums of squares: Xssq =  1.002317e+00; Yssq =  2.317313e-03; Xssq - Yssq =  1.000000e+00
      5a  ->   6a     1.001158 (100.232%)

Excited State    2 (1 A):   0.51330 au   88.77 nm f = 0.0000
  Sums of squares: Xssq =  1.000305e+00; Yssq =  3.050020e-04; Xssq - Yssq =  1.000000e+00
      5a  ->   7a    -1.000152 (100.031%)

Excited State    3 (1 A):   0.53313 au   85.46 nm f = 0.0639
  Sums of squares: Xssq =  1.003718e+00; Yssq =  3.718379e-03; Xssq - Yssq =  1.000000e+00
      3a  ->   7a    -0.192116 ( 3.691%)
      4a  ->   6a    -0.981761 (96.386%)


******************************************************************************************
**********                               WARNING                                **********
**********       The names of excited state variables changed between 1.5       **********
**********     and 1.6. For a quick solution, remove the symmetry specifier     **********
**********   from the variable name. For full details, see 'Notes on Psivars'   **********
**********                        in the documentation.                         **********
******************************************************************************************


Scratch directory: C:\Users\ysm04\AppData\Local\Temp/
  PCM or DDX continuum solvation does not make use of molecular symmetry: further calculations in C1 point group.
   => Libint2 <=

    Primary   basis highest AM E, G, H:  7, 6, -
    Auxiliary basis highest AM E, G, H:  7, 7, -
    Onebody   basis highest AM E, G, H:  -, -, -
    Solid Harmonics ordering:            Gaussian

*** tstart() called on DESKTOP-19Q153E
*** at Mon Jul 20 15:29:32 2026

   => Loading Basis Set <=

    Name: STO-3G
    Role: ORBITAL
    Keyword: BASIS
    atoms 1   entry O          line    81 file C:\Users\ysm04\Documents\etc\uv_vis\.mamba\envs\qc\Library\share\psi4\basis\sto-3g.gbs 
    atoms 2-3 entry H          line    19 file C:\Users\ysm04\Documents\etc\uv_vis\.mamba\envs\qc\Library\share\psi4\basis\sto-3g.gbs 

  **PSI4:PCMSOLVER Interface Active**

-----------------------------------------------------------------------
   PCMSolver: An Open Source API for the Polarizable Continuum Model
                   PCMSolver 1.2.3+zzzzzzz

           Git: Branch {}, Revision {zzzzzzz}

 R. Di Remigio, A. H. Steindal, K. Mozgawa, V. Weijo, H. Cao, and
 L. Frediani, Int. J. Quantum Chem., 2019, 119 (1), e25685.

 Source repository: https://github.com/PCMSolver/pcmsolver
 Documentation: https://pcmsolver.readthedocs.io/
 PCMSolver initialized on: Monday, 20 July 2026 03:29 PM
-----------------------------------------------------------------------

~~~~~~~~~~ PCMSolver ~~~~~~~~~~
Using CODATA 2010 set of constants.
Input parsing done API-side
========== Cavity 
Atomic radii set: 
Cavity type: GePol
Average tesserae area = 0.3 Ang^2
Solvent probe radius = 2.18 Ang
Number of spheres = 3 [initial = 3; added = 0]
Number of finite elements = 192 (0 pruned)
Number of irreducible finite elements = 192
============ Spheres list (in Angstrom)
 Sphere   on   Radius   Alpha       X            Y            Z     
-------- ---- -------- ------- -----------  -----------  -----------
   1      O    1.5200   1.20     0.000000     0.000000     0.117300
   2      H    1.2000   1.20     0.000000     0.757200     -0.469200
   3      H    1.2000   1.20     0.000000     -0.757200     -0.469200
========== Static solver 
Solver Type: IEFPCM, isotropic
PCM matrix hermitivitized
============ Medium 
Medium initialized from solvent built-in data.
Solvent name:          Ethanol
Static  permittivity = 24.55
Optical permittivity = 1.85
Solvent radius =       2.18 Ang
.... Inside 
Green's function type: vacuum
.... Outside 
Green's function type: uniform dielectric
Permittivity = 24.55

  Using in-core PK algorithm.
   Calculation information:
      Number of atoms:                   3
      Number of AO shells:               5
      Number of primitives:             15
      Number of atomic orbitals:         7
      Number of basis functions:         7

      Integral cutoff                 1.00e-12
      Number of threads:                 4

  Performing in-core PK
  Using 812 doubles for integral storage.
  We computed 187 shell quartets total.
  Whereas there are 120 unique shell quartets.
    55.83 percent of shell quartets recomputed by reordering.


  ==> Pre-Iterations <==

  ==> Iterations <==

                        Total Energy        Delta E     RMS |[F,P]|

   @RKS iter SAD:   -74.89376364121372   -7.48938e+01   0.00000e+00 
   @RKS iter   1:   -75.29642626624218   -4.02663e-01   2.36682e-02 DIIS/ADIIS
   @RKS iter   2:   -75.31009335842994   -1.36671e-02   1.51418e-02 DIIS/ADIIS
   @RKS iter   3:   -75.31744455380129   -7.35120e-03   1.14001e-03 DIIS/ADIIS
   @RKS iter   4:   -75.31748679712871   -4.22433e-05   1.12547e-05 DIIS
   @RKS iter   5:   -75.31748680097404   -3.84533e-09   3.01203e-07 DIIS
  Energy and wave function converged.


  ==> Post-Iterations <==

   Electrons on quadrature grid:
      Ntotal   =   10.0000001758 ; deviation = 1.758e-07 

  @RKS Final Energy:   -75.31748680097404

   => Energetics <=

    Nuclear Repulsion Energy =              9.1895337585934787
    One-Electron Energy =                -122.4266934243775609
    Two-Electron Energy =                  45.5628344593495100
    DFT Exchange-Correlation Energy =      -7.6379784347422177
    Empirical Dispersion Energy =           0.0000000000000000
    VV10 Nonlocal Energy =                  0.0000000000000000
    PCM Polarization Energy =              -0.0051831597972548
    Total Energy =                        -75.3174868009740379

Computation Completed


Properties will be evaluated at   0.000000,   0.000000,   0.000000 [a0]

Properties computed using the SCF density matrix


 Multipole Moments:

 ------------------------------------------------------------------------------------
     Multipole            Electronic (a.u.)      Nuclear  (a.u.)        Total (a.u.)
 ------------------------------------------------------------------------------------

 L = 1.  Multiply by 2.5417464519 to convert [e a0] to [Debye]
 Dipole X            :          0.0000000            0.0000000            0.0000000
 Dipole Y            :          0.0000000            0.0000000            0.0000000
 Dipole Z            :         -0.6912562            0.0000000           -0.6912562
 Magnitude           :                                                    0.6912562

 ------------------------------------------------------------------------------------

*** tstop() called on DESKTOP-19Q153E at Mon Jul 20 15:29:42 2026
Module time:
	user time   =        nan seconds =        nan minutes
	system time =        nan seconds =        nan minutes
	total time  =         10 seconds =       0.17 minutes
Total time:
	user time   =        nan seconds =        nan minutes
	system time =        nan seconds =        nan minutes
	total time  =         36 seconds =       0.60 minutes

Scratch directory: C:\Users\ysm04\AppData\Local\Temp/
  PCM or DDX continuum solvation does not make use of molecular symmetry: further calculations in C1 point group.
   => Libint2 <=

    Primary   basis highest AM E, G, H:  7, 6, -
    Auxiliary basis highest AM E, G, H:  7, 7, -
    Onebody   basis highest AM E, G, H:  -, -, -
    Solid Harmonics ordering:            Gaussian

*** tstart() called on DESKTOP-19Q153E
*** at Mon Jul 20 15:29:42 2026

   => Loading Basis Set <=

    Name: STO-3G
    Role: ORBITAL
    Keyword: BASIS
    atoms 1   entry O          line    81 file C:\Users\ysm04\Documents\etc\uv_vis\.mamba\envs\qc\Library\share\psi4\basis\sto-3g.gbs 
    atoms 2-3 entry H          line    19 file C:\Users\ysm04\Documents\etc\uv_vis\.mamba\envs\qc\Library\share\psi4\basis\sto-3g.gbs 

  **PSI4:PCMSOLVER Interface Active**

-----------------------------------------------------------------------
   PCMSolver: An Open Source API for the Polarizable Continuum Model
                   PCMSolver 1.2.3+zzzzzzz

           Git: Branch {}, Revision {zzzzzzz}

 R. Di Remigio, A. H. Steindal, K. Mozgawa, V. Weijo, H. Cao, and
 L. Frediani, Int. J. Quantum Chem., 2019, 119 (1), e25685.

 Source repository: https://github.com/PCMSolver/pcmsolver
 Documentation: https://pcmsolver.readthedocs.io/
 PCMSolver initialized on: Monday, 20 July 2026 03:29 PM
-----------------------------------------------------------------------

~~~~~~~~~~ PCMSolver ~~~~~~~~~~
Using CODATA 2010 set of constants.
Input parsing done API-side
========== Cavity 
Atomic radii set: 
Cavity type: GePol
Average tesserae area = 0.3 Ang^2
Solvent probe radius = 2.18 Ang
Number of spheres = 3 [initial = 3; added = 0]
Number of finite elements = 192 (0 pruned)
Number of irreducible finite elements = 192
============ Spheres list (in Angstrom)
 Sphere   on   Radius   Alpha       X            Y            Z     
-------- ---- -------- ------- -----------  -----------  -----------
   1      O    1.5200   1.20     0.000000     0.000000     0.117300
   2      H    1.2000   1.20     0.000000     0.757200     -0.469200
   3      H    1.2000   1.20     0.000000     -0.757200     -0.469200
========== Static solver 
Solver Type: IEFPCM, isotropic
PCM matrix hermitivitized
============ Medium 
Medium initialized from solvent built-in data.
Solvent name:          Ethanol
Static  permittivity = 24.55
Optical permittivity = 1.85
Solvent radius =       2.18 Ang
.... Inside 
Green's function type: vacuum
.... Outside 
Green's function type: uniform dielectric
Permittivity = 24.55

  Using in-core PK algorithm.
   Calculation information:
      Number of atoms:                   3
      Number of AO shells:               5
      Number of primitives:             15
      Number of atomic orbitals:         7
      Number of basis functions:         7

      Integral cutoff                 1.00e-12
      Number of threads:                 4

  Performing in-core PK
  Using 812 doubles for integral storage.
  We computed 187 shell quartets total.
  Whereas there are 120 unique shell quartets.
    55.83 percent of shell quartets recomputed by reordering.


  ==> Pre-Iterations <==

  ==> Iterations <==

                        Total Energy        Delta E     RMS |[F,P]|

   @RKS iter SAD:   -74.89376364121370   -7.48938e+01   0.00000e+00 
   @RKS iter   1:   -75.29642626624216   -4.02663e-01   2.36682e-02 DIIS/ADIIS
   @RKS iter   2:   -75.31009335842994   -1.36671e-02   1.51418e-02 DIIS/ADIIS
   @RKS iter   3:   -75.31744455380128   -7.35120e-03   1.14001e-03 DIIS/ADIIS
   @RKS iter   4:   -75.31748679712875   -4.22433e-05   1.12547e-05 DIIS
   @RKS iter   5:   -75.31748680097400   -3.84524e-09   3.01203e-07 DIIS
  Energy and wave function converged.


  ==> Post-Iterations <==

   Electrons on quadrature grid:
      Ntotal   =   10.0000001758 ; deviation = 1.758e-07 

  @RKS Final Energy:   -75.31748680097400

   => Energetics <=

    Nuclear Repulsion Energy =              9.1895337585934787
    One-Electron Energy =                -122.4266934243774898
    Two-Electron Energy =                  45.5628344593494674
    DFT Exchange-Correlation Energy =      -7.6379784347422142
    Empirical Dispersion Energy =           0.0000000000000000
    VV10 Nonlocal Energy =                  0.0000000000000000
    PCM Polarization Energy =              -0.0051831597972548
    Total Energy =                        -75.3174868009739953

Computation Completed


Properties will be evaluated at   0.000000,   0.000000,   0.000000 [a0]

Properties computed using the SCF density matrix


 Multipole Moments:

 ------------------------------------------------------------------------------------
     Multipole            Electronic (a.u.)      Nuclear  (a.u.)        Total (a.u.)
 ------------------------------------------------------------------------------------

 L = 1.  Multiply by 2.5417464519 to convert [e a0] to [Debye]
 Dipole X            :          0.0000000            0.0000000            0.0000000
 Dipole Y            :         -0.0000000            0.0000000           -0.0000000
 Dipole Z            :         -0.6912562            0.0000000           -0.6912562
 Magnitude           :                                                    0.6912562

 ------------------------------------------------------------------------------------

*** tstop() called on DESKTOP-19Q153E at Mon Jul 20 15:29:55 2026
Module time:
	user time   =        nan seconds =        nan minutes
	system time =        nan seconds =        nan minutes
	total time  =         13 seconds =       0.22 minutes
Total time:
	user time   =        nan seconds =        nan minutes
	system time =        nan seconds =        nan minutes
	total time  =         49 seconds =       0.82 minutes

******************************************************************************************
**********                               WARNING                                **********
**********       The names of excited state variables changed between 1.5       **********
**********     and 1.6. For a quick solution, remove the symmetry specifier     **********
**********   from the variable name. For full details, see 'Notes on Psivars'   **********
**********                        in the documentation.                         **********
******************************************************************************************



         ---------------------------------------------------------
                         TDSCF excitation energies                
                 by Andrew M. James and Daniel G. A. Smith        
         ---------------------------------------------------------

  ==> Options <==

     Residual threshold  : 1.0000e-04
     Initial guess       : denominators
     Reference           : RHF
     Solver type         : TDA (Davidson)


  ==> Requested Excitations <==

      3 singlet states with A symmetry


  ==> Seeking the lowest 3 singlet states with A symmetry

                         Generalized Davidson Solver                         
                               By Ruhee Dcunha                               

  ==> Options <==

    Max number of iterations        = 60   
    Eigenvector tolerance           = 1.0000e-04
    Max number of expansion vectors = 600  

  => Iterations <=
                           Max[D[value]]     Max[|R|]   # vectors
  DavidsonSolver iter   1:   5.44608e-01  5.71062e-15     10      Converged

******************************************************************************************
**********                               WARNING                                **********
**********  Length-gauge rotatory strengths are **NOT** gauge-origin invariant  **********
******************************************************************************************

                                    Excitation Energy         Total Energy        Oscillator Strength             Rotatory Strength       
     #   Sym: GS->ES (Trans)        au              eV              au          au (length)    au (velocity)    au (length)    au (velocity) 
    ---- -------------------- --------------- --------------- --------------- --------------- --------------- --------------- ---------------
     1        A->A (1 A)       0.44032         11.98161       -74.87717        0.0028          0.0262         -0.0000         -0.0000        
     2        A->A (1 A)       0.52061         14.16656       -74.79688        0.0000          0.0000         -0.0000         -0.0000        
     3        A->A (1 A)       0.54461         14.81953       -74.77288        0.0782          0.1386          0.0000          0.0000        



Contributing excitations
Only contributions with abs(coeff) > 1.00e-01 will be printed:

Excited State    1 (1 A):   0.44032 au   103.48 nm f = 0.0028
  Sums of squares: Xssq =  1.000000e+00
      5a  ->   6a     1.000000 (100.000%)

Excited State    2 (1 A):   0.52061 au   87.52 nm f = 0.0000
  Sums of squares: Xssq =  1.000000e+00
      5a  ->   7a    -1.000000 (100.000%)

Excited State    3 (1 A):   0.54461 au   83.66 nm f = 0.0782
  Sums of squares: Xssq =  1.000000e+00
      3a  ->   7a    -0.205418 ( 4.220%)
      4a  ->   6a    -0.976515 (95.358%)


******************************************************************************************
**********                               WARNING                                **********
**********       The names of excited state variables changed between 1.5       **********
**********     and 1.6. For a quick solution, remove the symmetry specifier     **********
**********   from the variable name. For full details, see 'Notes on Psivars'   **********
**********                        in the documentation.                         **********
******************************************************************************************


Scratch directory: C:\Users\ysm04\AppData\Local\Temp/
  PCM or DDX continuum solvation does not make use of molecular symmetry: further calculations in C1 point group.
   => Libint2 <=

    Primary   basis highest AM E, G, H:  7, 6, -
    Auxiliary basis highest AM E, G, H:  7, 7, -
    Onebody   basis highest AM E, G, H:  -, -, -
    Solid Harmonics ordering:            Gaussian

*** tstart() called on DESKTOP-19Q153E
*** at Mon Jul 20 15:29:55 2026

   => Loading Basis Set <=

    Name: STO-3G
    Role: ORBITAL
    Keyword: BASIS
    atoms 1   entry O          line    81 file C:\Users\ysm04\Documents\etc\uv_vis\.mamba\envs\qc\Library\share\psi4\basis\sto-3g.gbs 
    atoms 2-3 entry H          line    19 file C:\Users\ysm04\Documents\etc\uv_vis\.mamba\envs\qc\Library\share\psi4\basis\sto-3g.gbs 

  **PSI4:PCMSOLVER Interface Active**

-----------------------------------------------------------------------
   PCMSolver: An Open Source API for the Polarizable Continuum Model
                   PCMSolver 1.2.3+zzzzzzz

           Git: Branch {}, Revision {zzzzzzz}

 R. Di Remigio, A. H. Steindal, K. Mozgawa, V. Weijo, H. Cao, and
 L. Frediani, Int. J. Quantum Chem., 2019, 119 (1), e25685.

 Source repository: https://github.com/PCMSolver/pcmsolver
 Documentation: https://pcmsolver.readthedocs.io/
 PCMSolver initialized on: Monday, 20 July 2026 03:30 PM
-----------------------------------------------------------------------

~~~~~~~~~~ PCMSolver ~~~~~~~~~~
Using CODATA 2010 set of constants.
Input parsing done API-side
========== Cavity 
Atomic radii set: 
Cavity type: GePol
Average tesserae area = 0.3 Ang^2
Solvent probe radius = 2.18 Ang
Number of spheres = 3 [initial = 3; added = 0]
Number of finite elements = 192 (0 pruned)
Number of irreducible finite elements = 192
============ Spheres list (in Angstrom)
 Sphere   on   Radius   Alpha       X            Y            Z     
-------- ---- -------- ------- -----------  -----------  -----------
   1      O    1.5200   1.20     0.000000     0.000000     0.117300
   2      H    1.2000   1.20     0.000000     0.757200     -0.469200
   3      H    1.2000   1.20     0.000000     -0.757200     -0.469200
========== Static solver 
Solver Type: IEFPCM, isotropic
PCM matrix hermitivitized
============ Medium 
Medium initialized from solvent built-in data.
Solvent name:          Ethanol
Static  permittivity = 24.55
Optical permittivity = 1.85
Solvent radius =       2.18 Ang
.... Inside 
Green's function type: vacuum
.... Outside 
Green's function type: uniform dielectric
Permittivity = 24.55

